<?xml version="1.0" encoding="UTF-8"?>
<coverage generated="1774520031505" clover="3.2.0">
  <project timestamp="1774520031505" name="All files">
    <metrics statements="714" coveredstatements="434" conditionals="453" coveredconditionals="227" methods="160" coveredmethods="92" elements="1327" coveredelements="753" complexity="0" loc="714" ncloc="714" packages="39" files="102" classes="102"/>
    <package name="Workspaces">
      <metrics statements="0" coveredstatements="0" conditionals="0" coveredconditionals="0" methods="0" coveredmethods="0"/>
      <file name="p2p-planning-poker" path="/Users/swoo/Workspaces/p2p-planning-poker">
        <metrics statements="0" coveredstatements="0" conditionals="0" coveredconditionals="0" methods="0" coveredmethods="0"/>
      </file>
    </package>
    <package name="Workspaces.p2p-planning-poker">
      <metrics statements="0" coveredstatements="0" conditionals="0" coveredconditionals="0" methods="0" coveredmethods="0"/>
      <file name="package.json" path="/Users/swoo/Workspaces/p2p-planning-poker/package.json">
        <metrics statements="0" coveredstatements="0" conditionals="0" coveredconditionals="0" methods="0" coveredmethods="0"/>
      </file>
    </package>
    <package name="Workspaces.p2p-planning-poker..storybook">
      <metrics statements="39" coveredstatements="19" conditionals="22" coveredconditionals="3" methods="8" coveredmethods="4"/>
      <file name="StorybookThemes.ts" path="/Users/swoo/Workspaces/p2p-planning-poker/.storybook/StorybookThemes.ts">
        <metrics statements="2" coveredstatements="2" conditionals="0" coveredconditionals="0" methods="0" coveredmethods="0"/>
        <line num="3" count="26" type="stmt"/>
        <line num="16" count="26" type="stmt"/>
      </file>
      <file name="StorybookWrappers.tsx" path="/Users/swoo/Workspaces/p2p-planning-poker/.storybook/StorybookWrappers.tsx">
        <metrics statements="35" coveredstatements="15" conditionals="22" coveredconditionals="3" methods="7" coveredmethods="3"/>
        <line num="8" count="26" type="stmt"/>
        <line num="15" count="26" type="stmt"/>
        <line num="20" count="26" type="stmt"/>
        <line num="24" count="76" type="stmt"/>
        <line num="26" count="76" type="stmt"/>
        <line num="27" count="76" type="stmt"/>
        <line num="30" count="76" type="stmt"/>
        <line num="31" count="76" type="stmt"/>
        <line num="32" count="76" type="cond" truecount="1" falsecount="1"/>
        <line num="33" count="0" type="stmt"/>
        <line num="34" count="76" type="cond" truecount="1" falsecount="1"/>
        <line num="35" count="0" type="stmt"/>
        <line num="36" count="76" type="cond" truecount="1" falsecount="1"/>
        <line num="37" count="76" type="stmt"/>
        <line num="41" count="76" type="stmt"/>
        <line num="44" count="26" type="stmt"/>
        <line num="51" count="26" type="stmt"/>
        <line num="56" count="0" type="cond" truecount="0" falsecount="2"/>
        <line num="58" count="0" type="stmt"/>
        <line num="59" count="0" type="cond" truecount="0" falsecount="2"/>
        <line num="60" count="0" type="stmt"/>
        <line num="64" count="0" type="stmt"/>
        <line num="65" count="0" type="stmt"/>
        <line num="66" count="0" type="cond" truecount="0" falsecount="2"/>
        <line num="67" count="0" type="stmt"/>
        <line num="68" count="0" type="cond" truecount="0" falsecount="2"/>
        <line num="69" count="0" type="stmt"/>
        <line num="70" count="0" type="cond" truecount="0" falsecount="2"/>
        <line num="71" count="0" type="stmt"/>
        <line num="75" count="0" type="stmt"/>
        <line num="76" count="0" type="cond" truecount="0" falsecount="2"/>
        <line num="77" count="0" type="cond" truecount="0" falsecount="2"/>
        <line num="79" count="0" type="stmt"/>
        <line num="82" count="0" type="cond" truecount="0" falsecount="2"/>
        <line num="85" count="0" type="stmt"/>
      </file>
      <file name="preview.tsx" path="/Users/swoo/Workspaces/p2p-planning-poker/.storybook/preview.tsx">
        <metrics statements="2" coveredstatements="2" conditionals="0" coveredconditionals="0" methods="1" coveredmethods="1"/>
        <line num="6" count="26" type="stmt"/>
        <line num="14" count="104" type="stmt"/>
      </file>
    </package>
    <package name="Workspaces.p2p-planning-poker.src.components.Lobby.LobbyForm">
      <metrics statements="68" coveredstatements="30" conditionals="53" coveredconditionals="17" methods="11" coveredmethods="3"/>
      <file name="_LobbyForm.styles.ts" path="/Users/swoo/Workspaces/p2p-planning-poker/src/components/Lobby/LobbyForm/_LobbyForm.styles.ts">
        <metrics statements="13" coveredstatements="13" conditionals="0" coveredconditionals="0" methods="0" coveredmethods="0"/>
        <line num="3" count="2" type="stmt"/>
        <line num="8" count="2" type="stmt"/>
        <line num="17" count="2" type="stmt"/>
        <line num="23" count="2" type="stmt"/>
        <line num="29" count="2" type="stmt"/>
        <line num="48" count="2" type="stmt"/>
        <line num="55" count="2" type="stmt"/>
        <line num="67" count="2" type="stmt"/>
        <line num="95" count="2" type="stmt"/>
        <line num="114" count="2" type="stmt"/>
        <line num="127" count="2" type="stmt"/>
        <line num="133" count="2" type="stmt"/>
        <line num="140" count="2" type="stmt"/>
      </file>
      <file name="_LobbyForm.tsx" path="/Users/swoo/Workspaces/p2p-planning-poker/src/components/Lobby/LobbyForm/_LobbyForm.tsx">
        <metrics statements="55" coveredstatements="17" conditionals="53" coveredconditionals="17" methods="11" coveredmethods="3"/>
        <line num="1" count="1" type="stmt"/>
        <line num="18" count="0" type="stmt"/>
        <line num="19" count="0" type="cond" truecount="0" falsecount="2"/>
        <line num="22" count="0" type="cond" truecount="0" falsecount="2"/>
        <line num="25" count="0" type="stmt"/>
        <line num="26" count="0" type="cond" truecount="0" falsecount="4"/>
        <line num="27" count="0" type="stmt"/>
        <line num="32" count="0" type="cond" truecount="0" falsecount="2"/>
        <line num="36" count="0" type="stmt"/>
        <line num="37" count="0" type="stmt"/>
        <line num="42" count="0" type="stmt"/>
        <line num="43" count="0" type="cond" truecount="0" falsecount="2"/>
        <line num="44" count="0" type="stmt"/>
        <line num="48" count="0" type="stmt"/>
        <line num="49" count="0" type="cond" truecount="0" falsecount="2"/>
        <line num="53" count="0" type="stmt"/>
        <line num="57" count="7" type="stmt"/>
        <line num="58" count="7" type="stmt"/>
        <line num="59" count="7" type="stmt"/>
        <line num="60" count="7" type="stmt"/>
        <line num="61" count="7" type="stmt"/>
        <line num="62" count="7" type="stmt"/>
        <line num="63" count="5" type="cond" truecount="2" falsecount="0"/>
        <line num="65" count="7" type="cond" truecount="2" falsecount="0"/>
        <line num="66" count="7" type="stmt"/>
        <line num="67" count="7" type="stmt"/>
        <line num="72" count="7" type="stmt"/>
        <line num="73" count="0" type="stmt"/>
        <line num="74" count="0" type="stmt"/>
        <line num="75" count="0" type="cond" truecount="0" falsecount="4"/>
        <line num="78" count="0" type="stmt"/>
        <line num="79" count="0" type="stmt"/>
        <line num="81" count="0" type="cond" truecount="0" falsecount="2"/>
        <line num="83" count="0" type="stmt"/>
        <line num="87" count="0" type="stmt"/>
        <line num="88" count="0" type="stmt"/>
        <line num="89" count="0" type="stmt"/>
        <line num="92" count="0" type="stmt"/>
        <line num="93" count="0" type="stmt"/>
        <line num="94" count="0" type="stmt"/>
        <line num="95" count="0" type="stmt"/>
        <line num="99" count="7" type="stmt"/>
        <line num="100" count="5" type="cond" truecount="2" falsecount="0"/>
        <line num="102" count="2" type="stmt"/>
        <line num="106" count="7" type="stmt"/>
        <line num="116" count="4" type="stmt"/>
        <line num="132" count="0" type="stmt"/>
        <line num="147" count="0" type="stmt"/>
        <line num="149" count="0" type="cond" truecount="0" falsecount="2"/>
        <line num="150" count="0" type="stmt"/>
        <line num="154" count="0" type="stmt"/>
        <line num="164" count="0" type="stmt"/>
        <line num="213" count="0" type="stmt"/>
        <line num="221" count="0" type="stmt"/>
        <line num="228" count="0" type="stmt"/>
      </file>
    </package>
    <package name="Workspaces.p2p-planning-poker.src.components.Room.RoomHeader">
      <metrics statements="36" coveredstatements="21" conditionals="23" coveredconditionals="16" methods="15" coveredmethods="4"/>
      <file name="_RoomHeader.styles.ts" path="/Users/swoo/Workspaces/p2p-planning-poker/src/components/Room/RoomHeader/_RoomHeader.styles.ts">
        <metrics statements="2" coveredstatements="2" conditionals="0" coveredconditionals="0" methods="0" coveredmethods="0"/>
        <line num="3" count="1" type="stmt"/>
        <line num="16" count="1" type="stmt"/>
      </file>
      <file name="_RoomHeader.tsx" path="/Users/swoo/Workspaces/p2p-planning-poker/src/components/Room/RoomHeader/_RoomHeader.tsx">
        <metrics statements="34" coveredstatements="19" conditionals="23" coveredconditionals="16" methods="15" coveredmethods="4"/>
        <line num="1" count="1" type="stmt"/>
        <line num="16" count="8" type="stmt"/>
        <line num="17" count="8" type="stmt"/>
        <line num="18" count="8" type="stmt"/>
        <line num="19" count="8" type="stmt"/>
        <line num="20" count="8" type="stmt"/>
        <line num="21" count="8" type="stmt"/>
        <line num="22" count="8" type="stmt"/>
        <line num="24" count="8" type="cond" truecount="1" falsecount="1"/>
        <line num="27" count="8" type="cond" truecount="2" falsecount="0"/>
        <line num="28" count="10" type="stmt"/>
        <line num="30" count="8" type="stmt"/>
        <line num="31" count="0" type="stmt"/>
        <line num="32" count="0" type="stmt"/>
        <line num="35" count="8" type="stmt"/>
        <line num="36" count="0" type="stmt"/>
        <line num="39" count="8" type="stmt"/>
        <line num="40" count="0" type="cond" truecount="0" falsecount="4"/>
        <line num="41" count="0" type="stmt"/>
        <line num="43" count="0" type="stmt"/>
        <line num="46" count="8" type="stmt"/>
        <line num="47" count="0" type="stmt"/>
        <line num="48" count="0" type="stmt"/>
        <line num="51" count="8" type="stmt"/>
        <line num="52" count="1" type="stmt"/>
        <line num="64" count="0" type="stmt"/>
        <line num="89" count="0" type="stmt"/>
        <line num="91" count="14" type="stmt"/>
        <line num="103" count="8" type="stmt"/>
        <line num="144" count="0" type="stmt"/>
        <line num="156" count="0" type="stmt"/>
        <line num="166" count="0" type="stmt"/>
        <line num="171" count="0" type="stmt"/>
        <line num="176" count="0" type="cond" truecount="0" falsecount="2"/>
      </file>
    </package>
    <package name="Workspaces.p2p-planning-poker.src.components.Room.Roster">
      <metrics statements="11" coveredstatements="11" conditionals="2" coveredconditionals="1" methods="3" coveredmethods="3"/>
      <file name="_Roster.styles.ts" path="/Users/swoo/Workspaces/p2p-planning-poker/src/components/Room/Roster/_Roster.styles.ts">
        <metrics statements="4" coveredstatements="4" conditionals="0" coveredconditionals="0" methods="0" coveredmethods="0"/>
        <line num="3" count="1" type="stmt"/>
        <line num="8" count="1" type="stmt"/>
        <line num="20" count="1" type="stmt"/>
        <line num="31" count="1" type="stmt"/>
      </file>
      <file name="_Roster.tsx" path="/Users/swoo/Workspaces/p2p-planning-poker/src/components/Room/Roster/_Roster.tsx">
        <metrics statements="7" coveredstatements="7" conditionals="2" coveredconditionals="1" methods="3" coveredmethods="3"/>
        <line num="8" count="8" type="stmt"/>
        <line num="9" count="8" type="stmt"/>
        <line num="11" count="8" type="cond" truecount="1" falsecount="1"/>
        <line num="13" count="8" type="stmt"/>
        <line num="16" count="1" type="stmt"/>
        <line num="18" count="46" type="stmt"/>
        <line num="25" count="46" type="stmt"/>
      </file>
    </package>
    <package name="Workspaces.p2p-planning-poker.src.components.Room.Roster.Participant">
      <metrics statements="10" coveredstatements="10" conditionals="20" coveredconditionals="19" methods="1" coveredmethods="1"/>
      <file name="_Participant.styles.ts" path="/Users/swoo/Workspaces/p2p-planning-poker/src/components/Room/Roster/Participant/_Participant.styles.ts">
        <metrics statements="8" coveredstatements="8" conditionals="0" coveredconditionals="0" methods="0" coveredmethods="0"/>
        <line num="5" count="2" type="stmt"/>
        <line num="17" count="2" type="stmt"/>
        <line num="23" count="2" type="stmt"/>
        <line num="25" count="2" type="stmt"/>
        <line num="32" count="2" type="stmt"/>
        <line num="38" count="2" type="stmt"/>
        <line num="51" count="2" type="stmt"/>
        <line num="66" count="2" type="stmt"/>
      </file>
      <file name="_Participant.tsx" path="/Users/swoo/Workspaces/p2p-planning-poker/src/components/Room/Roster/Participant/_Participant.tsx">
        <metrics statements="2" coveredstatements="2" conditionals="20" coveredconditionals="19" methods="1" coveredmethods="1"/>
        <line num="17" count="53" type="stmt"/>
        <line num="20" count="2" type="stmt"/>
      </file>
      <file name="index.ts" path="/Users/swoo/Workspaces/p2p-planning-poker/src/components/Room/Roster/Participant/index.ts">
        <metrics statements="0" coveredstatements="0" conditionals="0" coveredconditionals="0" methods="0" coveredmethods="0"/>
      </file>
    </package>
    <package name="Workspaces.p2p-planning-poker.src.components.Room.VotingDeck">
      <metrics statements="14" coveredstatements="13" conditionals="2" coveredconditionals="1" methods="4" coveredmethods="3"/>
      <file name="_VotingDeck.styles.ts" path="/Users/swoo/Workspaces/p2p-planning-poker/src/components/Room/VotingDeck/_VotingDeck.styles.ts">
        <metrics statements="4" coveredstatements="4" conditionals="0" coveredconditionals="0" methods="0" coveredmethods="0"/>
        <line num="3" count="1" type="stmt"/>
        <line num="5" count="1" type="stmt"/>
        <line num="11" count="1" type="stmt"/>
        <line num="21" count="1" type="stmt"/>
      </file>
      <file name="_VotingDeck.tsx" path="/Users/swoo/Workspaces/p2p-planning-poker/src/components/Room/VotingDeck/_VotingDeck.tsx">
        <metrics statements="10" coveredstatements="9" conditionals="2" coveredconditionals="1" methods="4" coveredmethods="3"/>
        <line num="10" count="4" type="stmt"/>
        <line num="11" count="4" type="stmt"/>
        <line num="13" count="4" type="cond" truecount="1" falsecount="1"/>
        <line num="16" count="4" type="stmt"/>
        <line num="17" count="4" type="stmt"/>
        <line num="18" count="4" type="stmt"/>
        <line num="20" count="4" type="stmt"/>
        <line num="22" count="1" type="stmt"/>
        <line num="27" count="44" type="stmt"/>
        <line num="31" count="0" type="stmt"/>
      </file>
    </package>
    <package name="Workspaces.p2p-planning-poker.src.components.Shared.AppFooter">
      <metrics statements="15" coveredstatements="15" conditionals="20" coveredconditionals="12" methods="1" coveredmethods="1"/>
      <file name="_AppFooter.styles.ts" path="/Users/swoo/Workspaces/p2p-planning-poker/src/components/Shared/AppFooter/_AppFooter.styles.ts">
        <metrics statements="7" coveredstatements="7" conditionals="0" coveredconditionals="0" methods="0" coveredmethods="0"/>
        <line num="4" count="2" type="stmt"/>
        <line num="20" count="2" type="stmt"/>
        <line num="29" count="2" type="stmt"/>
        <line num="35" count="2" type="stmt"/>
        <line num="40" count="2" type="stmt"/>
        <line num="44" count="2" type="stmt"/>
        <line num="48" count="2" type="stmt"/>
      </file>
      <file name="_AppFooter.tsx" path="/Users/swoo/Workspaces/p2p-planning-poker/src/components/Shared/AppFooter/_AppFooter.tsx">
        <metrics statements="8" coveredstatements="8" conditionals="20" coveredconditionals="12" methods="1" coveredmethods="1"/>
        <line num="8" count="5" type="stmt"/>
        <line num="10" count="5" type="stmt"/>
        <line num="11" count="5" type="stmt"/>
        <line num="13" count="5" type="stmt"/>
        <line num="14" count="5" type="stmt"/>
        <line num="16" count="5" type="cond" truecount="1" falsecount="1"/>
        <line num="23" count="5" type="stmt"/>
        <line num="27" count="4" type="stmt"/>
      </file>
    </package>
    <package name="Workspaces.p2p-planning-poker.src.components.Shared.Banner">
      <metrics statements="8" coveredstatements="8" conditionals="3" coveredconditionals="3" methods="1" coveredmethods="1"/>
      <file name="Banner.styles.ts" path="/Users/swoo/Workspaces/p2p-planning-poker/src/components/Shared/Banner/Banner.styles.ts">
        <metrics statements="4" coveredstatements="4" conditionals="0" coveredconditionals="0" methods="0" coveredmethods="0"/>
        <line num="3" count="2" type="stmt"/>
        <line num="31" count="2" type="stmt"/>
        <line num="38" count="2" type="stmt"/>
        <line num="45" count="2" type="stmt"/>
      </file>
      <file name="Banner.tsx" path="/Users/swoo/Workspaces/p2p-planning-poker/src/components/Shared/Banner/Banner.tsx">
        <metrics statements="4" coveredstatements="4" conditionals="3" coveredconditionals="3" methods="1" coveredmethods="1"/>
        <line num="6" count="6" type="stmt"/>
        <line num="12" count="6" type="stmt"/>
        <line num="14" count="6" type="stmt"/>
        <line num="26" count="2" type="stmt"/>
      </file>
      <file name="index.ts" path="/Users/swoo/Workspaces/p2p-planning-poker/src/components/Shared/Banner/index.ts">
        <metrics statements="0" coveredstatements="0" conditionals="0" coveredconditionals="0" methods="0" coveredmethods="0"/>
      </file>
    </package>
    <package name="Workspaces.p2p-planning-poker.src.components.Shared.Button">
      <metrics statements="4" coveredstatements="4" conditionals="4" coveredconditionals="4" methods="1" coveredmethods="1"/>
      <file name="_Button.styles.ts" path="/Users/swoo/Workspaces/p2p-planning-poker/src/components/Shared/Button/_Button.styles.ts">
        <metrics statements="2" coveredstatements="2" conditionals="0" coveredconditionals="0" methods="0" coveredmethods="0"/>
        <line num="5" count="12" type="stmt"/>
        <line num="124" count="12" type="stmt"/>
      </file>
      <file name="_Button.tsx" path="/Users/swoo/Workspaces/p2p-planning-poker/src/components/Shared/Button/_Button.tsx">
        <metrics statements="2" coveredstatements="2" conditionals="4" coveredconditionals="4" methods="1" coveredmethods="1"/>
        <line num="12" count="84" type="stmt"/>
        <line num="16" count="13" type="stmt"/>
      </file>
      <file name="_Button.types.ts" path="/Users/swoo/Workspaces/p2p-planning-poker/src/components/Shared/Button/_Button.types.ts">
        <metrics statements="0" coveredstatements="0" conditionals="0" coveredconditionals="0" methods="0" coveredmethods="0"/>
      </file>
      <file name="index.ts" path="/Users/swoo/Workspaces/p2p-planning-poker/src/components/Shared/Button/index.ts">
        <metrics statements="0" coveredstatements="0" conditionals="0" coveredconditionals="0" methods="0" coveredmethods="0"/>
      </file>
    </package>
    <package name="Workspaces.p2p-planning-poker.src.components.Shared.Card">
      <metrics statements="5" coveredstatements="5" conditionals="14" coveredconditionals="14" methods="1" coveredmethods="1"/>
      <file name="_Card.styles.ts" path="/Users/swoo/Workspaces/p2p-planning-poker/src/components/Shared/Card/_Card.styles.ts">
        <metrics statements="1" coveredstatements="1" conditionals="0" coveredconditionals="0" methods="0" coveredmethods="0"/>
        <line num="3" count="3" type="stmt"/>
      </file>
      <file name="_Card.tsx" path="/Users/swoo/Workspaces/p2p-planning-poker/src/components/Shared/Card/_Card.tsx">
        <metrics statements="4" coveredstatements="4" conditionals="14" coveredconditionals="14" methods="1" coveredmethods="1"/>
        <line num="13" count="56" type="stmt"/>
        <line num="16" count="56" type="cond" truecount="2" falsecount="0"/>
        <line num="24" count="56" type="stmt"/>
        <line num="39" count="8" type="stmt"/>
      </file>
      <file name="index.ts" path="/Users/swoo/Workspaces/p2p-planning-poker/src/components/Shared/Card/index.ts">
        <metrics statements="0" coveredstatements="0" conditionals="0" coveredconditionals="0" methods="0" coveredmethods="0"/>
      </file>
    </package>
    <package name="Workspaces.p2p-planning-poker.src.components.Shared.CollapsibleListbox">
      <metrics statements="13" coveredstatements="12" conditionals="14" coveredconditionals="13" methods="5" coveredmethods="4"/>
      <file name="_CollapsibleListbox.styles.ts" path="/Users/swoo/Workspaces/p2p-planning-poker/src/components/Shared/CollapsibleListbox/_CollapsibleListbox.styles.ts">
        <metrics statements="3" coveredstatements="3" conditionals="2" coveredconditionals="2" methods="1" coveredmethods="1"/>
        <line num="3" count="3" type="stmt"/>
        <line num="9" count="3" type="stmt"/>
        <line num="15" count="23" type="cond" truecount="2" falsecount="0"/>
      </file>
      <file name="_CollapsibleListbox.tsx" path="/Users/swoo/Workspaces/p2p-planning-poker/src/components/Shared/CollapsibleListbox/_CollapsibleListbox.tsx">
        <metrics statements="10" coveredstatements="9" conditionals="12" coveredconditionals="11" methods="4" coveredmethods="3"/>
        <line num="1" count="3" type="stmt"/>
        <line num="20" count="7" type="stmt"/>
        <line num="21" count="7" type="stmt"/>
        <line num="22" count="7" type="stmt"/>
        <line num="25" count="13" type="cond" truecount="1" falsecount="1"/>
        <line num="27" count="7" type="stmt"/>
        <line num="30" count="3" type="stmt"/>
        <line num="56" count="23" type="stmt"/>
        <line num="57" count="23" type="stmt"/>
        <line num="65" count="0" type="stmt"/>
      </file>
      <file name="_CollapsibleListbox.types.ts" path="/Users/swoo/Workspaces/p2p-planning-poker/src/components/Shared/CollapsibleListbox/_CollapsibleListbox.types.ts">
        <metrics statements="0" coveredstatements="0" conditionals="0" coveredconditionals="0" methods="0" coveredmethods="0"/>
      </file>
      <file name="index.ts" path="/Users/swoo/Workspaces/p2p-planning-poker/src/components/Shared/CollapsibleListbox/index.ts">
        <metrics statements="0" coveredstatements="0" conditionals="0" coveredconditionals="0" methods="0" coveredmethods="0"/>
      </file>
    </package>
    <package name="Workspaces.p2p-planning-poker.src.components.Shared.Dialog">
      <metrics statements="23" coveredstatements="20" conditionals="14" coveredconditionals="11" methods="4" coveredmethods="2"/>
      <file name="_Dialog.styles.ts" path="/Users/swoo/Workspaces/p2p-planning-poker/src/components/Shared/Dialog/_Dialog.styles.ts">
        <metrics statements="9" coveredstatements="9" conditionals="0" coveredconditionals="0" methods="0" coveredmethods="0"/>
        <line num="5" count="2" type="stmt"/>
        <line num="10" count="2" type="stmt"/>
        <line num="15" count="2" type="stmt"/>
        <line num="40" count="2" type="stmt"/>
        <line num="51" count="2" type="stmt"/>
        <line num="60" count="2" type="stmt"/>
        <line num="67" count="2" type="stmt"/>
        <line num="103" count="2" type="stmt"/>
        <line num="110" count="2" type="stmt"/>
      </file>
      <file name="_Dialog.tsx" path="/Users/swoo/Workspaces/p2p-planning-poker/src/components/Shared/Dialog/_Dialog.tsx">
        <metrics statements="14" coveredstatements="11" conditionals="14" coveredconditionals="11" methods="4" coveredmethods="2"/>
        <line num="1" count="2" type="stmt"/>
        <line num="20" count="26" type="stmt"/>
        <line num="22" count="26" type="stmt"/>
        <line num="23" count="14" type="stmt"/>
        <line num="24" count="14" type="cond" truecount="1" falsecount="1"/>
        <line num="26" count="14" type="cond" truecount="2" falsecount="0"/>
        <line num="27" count="2" type="stmt"/>
        <line num="29" count="12" type="stmt"/>
        <line num="33" count="26" type="stmt"/>
        <line num="34" count="0" type="cond" truecount="0" falsecount="2"/>
        <line num="35" count="0" type="stmt"/>
        <line num="39" count="26" type="stmt"/>
        <line num="48" count="0" type="stmt"/>
        <line num="50" count="2" type="stmt"/>
      </file>
      <file name="index.ts" path="/Users/swoo/Workspaces/p2p-planning-poker/src/components/Shared/Dialog/index.ts">
        <metrics statements="0" coveredstatements="0" conditionals="0" coveredconditionals="0" methods="0" coveredmethods="0"/>
      </file>
    </package>
    <package name="Workspaces.p2p-planning-poker.src.components.Shared.Divider">
      <metrics statements="6" coveredstatements="6" conditionals="5" coveredconditionals="5" methods="3" coveredmethods="3"/>
      <file name="_Divider.styles.ts" path="/Users/swoo/Workspaces/p2p-planning-poker/src/components/Shared/Divider/_Divider.styles.ts">
        <metrics statements="4" coveredstatements="4" conditionals="4" coveredconditionals="4" methods="2" coveredmethods="2"/>
        <line num="5" count="1" type="stmt"/>
        <line num="7" count="1" type="stmt"/>
        <line num="25" count="4" type="cond" truecount="2" falsecount="0"/>
        <line num="33" count="4" type="cond" truecount="2" falsecount="0"/>
      </file>
      <file name="_Divider.tsx" path="/Users/swoo/Workspaces/p2p-planning-poker/src/components/Shared/Divider/_Divider.tsx">
        <metrics statements="2" coveredstatements="2" conditionals="1" coveredconditionals="1" methods="1" coveredmethods="1"/>
        <line num="5" count="4" type="stmt"/>
        <line num="6" count="1" type="stmt"/>
      </file>
    </package>
    <package name="Workspaces.p2p-planning-poker.src.components.Shared.Form">
      <metrics statements="4" coveredstatements="4" conditionals="3" coveredconditionals="3" methods="1" coveredmethods="1"/>
      <file name="_Form.styles.ts" path="/Users/swoo/Workspaces/p2p-planning-poker/src/components/Shared/Form/_Form.styles.ts">
        <metrics statements="2" coveredstatements="2" conditionals="0" coveredconditionals="0" methods="0" coveredmethods="0"/>
        <line num="3" count="3" type="stmt"/>
        <line num="7" count="3" type="stmt"/>
      </file>
      <file name="_Form.tsx" path="/Users/swoo/Workspaces/p2p-planning-poker/src/components/Shared/Form/_Form.tsx">
        <metrics statements="2" coveredstatements="2" conditionals="3" coveredconditionals="3" methods="1" coveredmethods="1"/>
        <line num="6" count="9" type="stmt"/>
        <line num="9" count="5" type="stmt"/>
      </file>
      <file name="_Form.types.ts" path="/Users/swoo/Workspaces/p2p-planning-poker/src/components/Shared/Form/_Form.types.ts">
        <metrics statements="0" coveredstatements="0" conditionals="0" coveredconditionals="0" methods="0" coveredmethods="0"/>
      </file>
      <file name="index.ts" path="/Users/swoo/Workspaces/p2p-planning-poker/src/components/Shared/Form/index.ts">
        <metrics statements="0" coveredstatements="0" conditionals="0" coveredconditionals="0" methods="0" coveredmethods="0"/>
      </file>
    </package>
    <package name="Workspaces.p2p-planning-poker.src.components.Shared.Icon">
      <metrics statements="6" coveredstatements="6" conditionals="19" coveredconditionals="18" methods="1" coveredmethods="1"/>
      <file name="IconLibrary.tsx" path="/Users/swoo/Workspaces/p2p-planning-poker/src/components/Shared/Icon/IconLibrary.tsx">
        <metrics statements="1" coveredstatements="1" conditionals="0" coveredconditionals="0" methods="0" coveredmethods="0"/>
        <line num="6" count="20" type="stmt"/>
      </file>
      <file name="_Icon.styles.ts" path="/Users/swoo/Workspaces/p2p-planning-poker/src/components/Shared/Icon/_Icon.styles.ts">
        <metrics statements="1" coveredstatements="1" conditionals="0" coveredconditionals="0" methods="0" coveredmethods="0"/>
        <line num="3" count="20" type="stmt"/>
      </file>
      <file name="_Icon.tsx" path="/Users/swoo/Workspaces/p2p-planning-poker/src/components/Shared/Icon/_Icon.tsx">
        <metrics statements="4" coveredstatements="4" conditionals="19" coveredconditionals="18" methods="1" coveredmethods="1"/>
        <line num="6" count="161" type="stmt"/>
        <line num="7" count="161" type="stmt"/>
        <line num="9" count="161" type="stmt"/>
        <line num="34" count="21" type="stmt"/>
      </file>
      <file name="_Icon.types.ts" path="/Users/swoo/Workspaces/p2p-planning-poker/src/components/Shared/Icon/_Icon.types.ts">
        <metrics statements="0" coveredstatements="0" conditionals="0" coveredconditionals="0" methods="0" coveredmethods="0"/>
      </file>
      <file name="index.ts" path="/Users/swoo/Workspaces/p2p-planning-poker/src/components/Shared/Icon/index.ts">
        <metrics statements="0" coveredstatements="0" conditionals="0" coveredconditionals="0" methods="0" coveredmethods="0"/>
      </file>
    </package>
    <package name="Workspaces.p2p-planning-poker.src.components.Shared.IconButton">
      <metrics statements="3" coveredstatements="3" conditionals="2" coveredconditionals="2" methods="1" coveredmethods="1"/>
      <file name="_IconButton.styles.ts" path="/Users/swoo/Workspaces/p2p-planning-poker/src/components/Shared/IconButton/_IconButton.styles.ts">
        <metrics statements="1" coveredstatements="1" conditionals="0" coveredconditionals="0" methods="0" coveredmethods="0"/>
        <line num="5" count="4" type="stmt"/>
      </file>
      <file name="_IconButton.tsx" path="/Users/swoo/Workspaces/p2p-planning-poker/src/components/Shared/IconButton/_IconButton.tsx">
        <metrics statements="2" coveredstatements="2" conditionals="2" coveredconditionals="2" methods="1" coveredmethods="1"/>
        <line num="11" count="8" type="stmt"/>
        <line num="13" count="4" type="stmt"/>
      </file>
      <file name="_IconButton.types.ts" path="/Users/swoo/Workspaces/p2p-planning-poker/src/components/Shared/IconButton/_IconButton.types.ts">
        <metrics statements="0" coveredstatements="0" conditionals="0" coveredconditionals="0" methods="0" coveredmethods="0"/>
      </file>
      <file name="index.ts" path="/Users/swoo/Workspaces/p2p-planning-poker/src/components/Shared/IconButton/index.ts">
        <metrics statements="0" coveredstatements="0" conditionals="0" coveredconditionals="0" methods="0" coveredmethods="0"/>
      </file>
    </package>
    <package name="Workspaces.p2p-planning-poker.src.components.Shared.Input">
      <metrics statements="12" coveredstatements="12" conditionals="14" coveredconditionals="14" methods="5" coveredmethods="5"/>
      <file name="_Input.styles.ts" path="/Users/swoo/Workspaces/p2p-planning-poker/src/components/Shared/Input/_Input.styles.ts">
        <metrics statements="9" coveredstatements="9" conditionals="8" coveredconditionals="8" methods="4" coveredmethods="4"/>
        <line num="3" count="5" type="stmt"/>
        <line num="10" count="5" type="stmt"/>
        <line num="18" count="5" type="stmt"/>
        <line num="25" count="5" type="stmt"/>
        <line num="34" count="22" type="cond" truecount="2" falsecount="0"/>
        <line num="53" count="22" type="cond" truecount="2" falsecount="0"/>
        <line num="62" count="22" type="cond" truecount="2" falsecount="0"/>
        <line num="68" count="22" type="cond" truecount="2" falsecount="0"/>
        <line num="81" count="5" type="stmt"/>
      </file>
      <file name="_Input.tsx" path="/Users/swoo/Workspaces/p2p-planning-poker/src/components/Shared/Input/_Input.tsx">
        <metrics statements="3" coveredstatements="3" conditionals="6" coveredconditionals="6" methods="1" coveredmethods="1"/>
        <line num="5" count="22" type="stmt"/>
        <line num="7" count="22" type="stmt"/>
        <line num="9" count="7" type="cond" truecount="2" falsecount="0"/>
      </file>
      <file name="_Input.types.ts" path="/Users/swoo/Workspaces/p2p-planning-poker/src/components/Shared/Input/_Input.types.ts">
        <metrics statements="0" coveredstatements="0" conditionals="0" coveredconditionals="0" methods="0" coveredmethods="0"/>
      </file>
      <file name="index.ts" path="/Users/swoo/Workspaces/p2p-planning-poker/src/components/Shared/Input/index.ts">
        <metrics statements="0" coveredstatements="0" conditionals="0" coveredconditionals="0" methods="0" coveredmethods="0"/>
      </file>
    </package>
    <package name="Workspaces.p2p-planning-poker.src.components.Shared.LanguageSwitcher">
      <metrics statements="10" coveredstatements="8" conditionals="0" coveredconditionals="0" methods="4" coveredmethods="3"/>
      <file name="_LanguageSwitcher.tsx" path="/Users/swoo/Workspaces/p2p-planning-poker/src/components/Shared/LanguageSwitcher/_LanguageSwitcher.tsx">
        <metrics statements="10" coveredstatements="8" conditionals="0" coveredconditionals="0" methods="4" coveredmethods="3"/>
        <line num="1" count="1" type="stmt"/>
        <line num="15" count="4" type="stmt"/>
        <line num="23" count="2" type="stmt"/>
        <line num="25" count="2" type="stmt"/>
        <line num="26" count="0" type="stmt"/>
        <line num="27" count="0" type="stmt"/>
        <line num="30" count="2" type="stmt"/>
        <line num="31" count="1" type="stmt"/>
        <line num="34" count="2" type="stmt"/>
        <line num="35" count="1" type="stmt"/>
      </file>
    </package>
    <package name="Workspaces.p2p-planning-poker.src.components.Shared.PageContainer">
      <metrics statements="1" coveredstatements="1" conditionals="0" coveredconditionals="0" methods="0" coveredmethods="0"/>
      <file name="_PageContainer.styles.ts" path="/Users/swoo/Workspaces/p2p-planning-poker/src/components/Shared/PageContainer/_PageContainer.styles.ts">
        <metrics statements="1" coveredstatements="1" conditionals="0" coveredconditionals="0" methods="0" coveredmethods="0"/>
        <line num="3" count="2" type="stmt"/>
      </file>
      <file name="index.ts" path="/Users/swoo/Workspaces/p2p-planning-poker/src/components/Shared/PageContainer/index.ts">
        <metrics statements="0" coveredstatements="0" conditionals="0" coveredconditionals="0" methods="0" coveredmethods="0"/>
      </file>
    </package>
    <package name="Workspaces.p2p-planning-poker.src.components.Shared.Popover">
      <metrics statements="39" coveredstatements="29" conditionals="23" coveredconditionals="12" methods="8" coveredmethods="5"/>
      <file name="_Popover.styles.ts" path="/Users/swoo/Workspaces/p2p-planning-poker/src/components/Shared/Popover/_Popover.styles.ts">
        <metrics statements="1" coveredstatements="1" conditionals="0" coveredconditionals="0" methods="0" coveredmethods="0"/>
        <line num="3" count="4" type="stmt"/>
      </file>
      <file name="_Popover.tsx" path="/Users/swoo/Workspaces/p2p-planning-poker/src/components/Shared/Popover/_Popover.tsx">
        <metrics statements="38" coveredstatements="28" conditionals="23" coveredconditionals="12" methods="8" coveredmethods="5"/>
        <line num="1" count="4" type="stmt"/>
        <line num="24" count="9" type="stmt"/>
        <line num="25" count="9" type="stmt"/>
        <line num="26" count="9" type="stmt"/>
        <line num="27" count="9" type="stmt"/>
        <line num="29" count="9" type="stmt"/>
        <line num="30" count="9" type="stmt"/>
        <line num="31" count="9" type="stmt"/>
        <line num="35" count="9" type="cond" truecount="2" falsecount="0"/>
        <line num="41" count="9" type="stmt"/>
        <line num="49" count="9" type="stmt"/>
        <line num="50" count="7" type="cond" truecount="1" falsecount="1"/>
        <line num="51" count="7" type="stmt"/>
        <line num="53" count="7" type="cond" truecount="3" falsecount="1"/>
        <line num="54" count="0" type="stmt"/>
        <line num="58" count="9" type="stmt"/>
        <line num="59" count="7" type="stmt"/>
        <line num="60" count="7" type="cond" truecount="1" falsecount="1"/>
        <line num="62" count="7" type="stmt"/>
        <line num="64" count="0" type="stmt"/>
        <line num="65" count="0" type="stmt"/>
        <line num="66" count="0" type="cond" truecount="0" falsecount="2"/>
        <line num="67" count="0" type="stmt"/>
        <line num="69" count="0" type="stmt"/>
        <line num="72" count="7" type="stmt"/>
        <line num="73" count="7" type="stmt"/>
        <line num="76" count="9" type="stmt"/>
        <line num="77" count="14" type="stmt"/>
        <line num="78" count="14" type="stmt"/>
        <line num="81" count="14" type="stmt"/>
        <line num="82" count="14" type="cond" truecount="1" falsecount="1"/>
        <line num="83" count="0" type="stmt"/>
        <line num="84" count="14" type="cond" truecount="2" falsecount="2"/>
        <line num="85" count="0" type="stmt"/>
        <line num="89" count="9" type="stmt"/>
        <line num="90" count="4" type="stmt"/>
        <line num="104" count="0" type="cond" truecount="0" falsecount="2"/>
        <line num="105" count="0" type="stmt"/>
      </file>
      <file name="index.ts" path="/Users/swoo/Workspaces/p2p-planning-poker/src/components/Shared/Popover/index.ts">
        <metrics statements="0" coveredstatements="0" conditionals="0" coveredconditionals="0" methods="0" coveredmethods="0"/>
      </file>
    </package>
    <package name="Workspaces.p2p-planning-poker.src.components.Shared.SchemeSwitcher">
      <metrics statements="14" coveredstatements="12" conditionals="4" coveredconditionals="3" methods="3" coveredmethods="3"/>
      <file name="_SchemeSwitcher.tsx" path="/Users/swoo/Workspaces/p2p-planning-poker/src/components/Shared/SchemeSwitcher/_SchemeSwitcher.tsx">
        <metrics statements="14" coveredstatements="12" conditionals="4" coveredconditionals="3" methods="3" coveredmethods="3"/>
        <line num="1" count="1" type="stmt"/>
        <line num="13" count="2" type="stmt"/>
        <line num="14" count="2" type="stmt"/>
        <line num="15" count="1" type="stmt"/>
        <line num="20" count="2" type="stmt"/>
        <line num="41" count="2" type="stmt"/>
        <line num="42" count="1" type="stmt"/>
        <line num="43" count="1" type="cond" truecount="1" falsecount="1"/>
        <line num="44" count="1" type="stmt"/>
        <line num="45" count="1" type="stmt"/>
        <line num="47" count="0" type="stmt"/>
        <line num="48" count="0" type="stmt"/>
        <line num="52" count="2" type="stmt"/>
        <line num="53" count="1" type="stmt"/>
      </file>
    </package>
    <package name="Workspaces.p2p-planning-poker.src.components.Shared.ShareDialog">
      <metrics statements="34" coveredstatements="18" conditionals="9" coveredconditionals="4" methods="8" coveredmethods="3"/>
      <file name="_ShareDialog.styles.ts" path="/Users/swoo/Workspaces/p2p-planning-poker/src/components/Shared/ShareDialog/_ShareDialog.styles.ts">
        <metrics statements="4" coveredstatements="4" conditionals="0" coveredconditionals="0" methods="0" coveredmethods="0"/>
        <line num="3" count="1" type="stmt"/>
        <line num="10" count="1" type="stmt"/>
        <line num="17" count="1" type="stmt"/>
        <line num="24" count="1" type="stmt"/>
      </file>
      <file name="_ShareDialog.tsx" path="/Users/swoo/Workspaces/p2p-planning-poker/src/components/Shared/ShareDialog/_ShareDialog.tsx">
        <metrics statements="30" coveredstatements="14" conditionals="9" coveredconditionals="4" methods="8" coveredmethods="3"/>
        <line num="2" count="1" type="stmt"/>
        <line num="18" count="8" type="stmt"/>
        <line num="19" count="8" type="stmt"/>
        <line num="21" count="8" type="stmt"/>
        <line num="22" count="0" type="stmt"/>
        <line num="23" count="0" type="stmt"/>
        <line num="26" count="8" type="stmt"/>
        <line num="27" count="8" type="cond" truecount="1" falsecount="1"/>
        <line num="28" count="8" type="stmt"/>
        <line num="31" count="8" type="stmt"/>
        <line num="32" count="0" type="stmt"/>
        <line num="33" count="0" type="cond" truecount="0" falsecount="2"/>
        <line num="34" count="0" type="stmt"/>
        <line num="38" count="0" type="stmt"/>
        <line num="40" count="0" type="stmt"/>
        <line num="43" count="0" type="stmt"/>
        <line num="47" count="8" type="stmt"/>
        <line num="48" count="0" type="stmt"/>
        <line num="49" count="0" type="stmt"/>
        <line num="50" count="0" type="stmt"/>
        <line num="52" count="0" type="stmt"/>
        <line num="56" count="8" type="stmt"/>
        <line num="57" count="0" type="stmt"/>
        <line num="58" count="0" type="stmt"/>
        <line num="59" count="0" type="stmt"/>
        <line num="61" count="0" type="stmt"/>
        <line num="65" count="8" type="stmt"/>
        <line num="66" count="1" type="stmt"/>
        <line num="109" count="8" type="stmt"/>
        <line num="111" count="8" type="stmt"/>
      </file>
      <file name="index.ts" path="/Users/swoo/Workspaces/p2p-planning-poker/src/components/Shared/ShareDialog/index.ts">
        <metrics statements="0" coveredstatements="0" conditionals="0" coveredconditionals="0" methods="0" coveredmethods="0"/>
      </file>
    </package>
    <package name="Workspaces.p2p-planning-poker.src.components.Shared.SkipLink">
      <metrics statements="4" coveredstatements="4" conditionals="1" coveredconditionals="1" methods="1" coveredmethods="1"/>
      <file name="_SkipLink.styles.ts" path="/Users/swoo/Workspaces/p2p-planning-poker/src/components/Shared/SkipLink/_SkipLink.styles.ts">
        <metrics statements="1" coveredstatements="1" conditionals="0" coveredconditionals="0" methods="0" coveredmethods="0"/>
        <line num="5" count="1" type="stmt"/>
      </file>
      <file name="_SkipLink.tsx" path="/Users/swoo/Workspaces/p2p-planning-poker/src/components/Shared/SkipLink/_SkipLink.tsx">
        <metrics statements="3" coveredstatements="3" conditionals="1" coveredconditionals="1" methods="1" coveredmethods="1"/>
        <line num="7" count="2" type="stmt"/>
        <line num="9" count="2" type="stmt"/>
        <line num="10" count="1" type="stmt"/>
      </file>
    </package>
    <package name="Workspaces.p2p-planning-poker.src.components.Shared.Stack">
      <metrics statements="19" coveredstatements="16" conditionals="20" coveredconditionals="14" methods="8" coveredmethods="8"/>
      <file name="_Stack.styles.ts" path="/Users/swoo/Workspaces/p2p-planning-poker/src/components/Shared/Stack/_Stack.styles.ts">
        <metrics statements="17" coveredstatements="14" conditionals="14" coveredconditionals="8" methods="7" coveredmethods="7"/>
        <line num="5" count="8" type="stmt"/>
        <line num="6" count="79" type="cond" truecount="1" falsecount="1"/>
        <line num="7" count="79" type="cond" truecount="1" falsecount="1"/>
        <line num="10" count="8" type="stmt"/>
        <line num="11" count="158" type="cond" truecount="3" falsecount="3"/>
        <line num="13" count="77" type="stmt"/>
        <line num="15" count="0" type="stmt"/>
        <line num="17" count="1" type="stmt"/>
        <line num="19" count="0" type="stmt"/>
        <line num="21" count="0" type="stmt"/>
        <line num="23" count="80" type="cond" truecount="1" falsecount="1"/>
        <line num="27" count="8" type="stmt"/>
        <line num="35" count="79" type="stmt"/>
        <line num="36" count="79" type="stmt"/>
        <line num="37" count="79" type="stmt"/>
        <line num="38" count="79" type="stmt"/>
        <line num="39" count="79" type="cond" truecount="2" falsecount="0"/>
      </file>
      <file name="_Stack.tsx" path="/Users/swoo/Workspaces/p2p-planning-poker/src/components/Shared/Stack/_Stack.tsx">
        <metrics statements="2" coveredstatements="2" conditionals="6" coveredconditionals="6" methods="1" coveredmethods="1"/>
        <line num="14" count="79" type="stmt"/>
        <line num="15" count="30" type="stmt"/>
      </file>
      <file name="_Stack.types.ts" path="/Users/swoo/Workspaces/p2p-planning-poker/src/components/Shared/Stack/_Stack.types.ts">
        <metrics statements="0" coveredstatements="0" conditionals="0" coveredconditionals="0" methods="0" coveredmethods="0"/>
      </file>
      <file name="index.ts" path="/Users/swoo/Workspaces/p2p-planning-poker/src/components/Shared/Stack/index.ts">
        <metrics statements="0" coveredstatements="0" conditionals="0" coveredconditionals="0" methods="0" coveredmethods="0"/>
      </file>
    </package>
    <package name="Workspaces.p2p-planning-poker.src.components.Shared.Timer">
      <metrics statements="83" coveredstatements="40" conditionals="40" coveredconditionals="6" methods="13" coveredmethods="4"/>
      <file name="_Timer.styles.ts" path="/Users/swoo/Workspaces/p2p-planning-poker/src/components/Shared/Timer/_Timer.styles.ts">
        <metrics statements="11" coveredstatements="11" conditionals="0" coveredconditionals="0" methods="0" coveredmethods="0"/>
        <line num="5" count="1" type="stmt"/>
        <line num="15" count="1" type="stmt"/>
        <line num="27" count="1" type="stmt"/>
        <line num="36" count="1" type="stmt"/>
        <line num="40" count="1" type="stmt"/>
        <line num="55" count="1" type="stmt"/>
        <line num="57" count="1" type="stmt"/>
        <line num="84" count="1" type="stmt"/>
        <line num="105" count="1" type="stmt"/>
        <line num="109" count="1" type="stmt"/>
        <line num="113" count="1" type="stmt"/>
      </file>
      <file name="_Timer.tsx" path="/Users/swoo/Workspaces/p2p-planning-poker/src/components/Shared/Timer/_Timer.tsx">
        <metrics statements="72" coveredstatements="29" conditionals="40" coveredconditionals="6" methods="13" coveredmethods="4"/>
        <line num="1" count="1" type="stmt"/>
        <line num="8" count="1" type="stmt"/>
        <line num="9" count="2" type="stmt"/>
        <line num="12" count="2" type="stmt"/>
        <line num="13" count="2" type="stmt"/>
        <line num="14" count="2" type="stmt"/>
        <line num="15" count="2" type="stmt"/>
        <line num="18" count="2" type="stmt"/>
        <line num="19" count="2" type="stmt"/>
        <line num="21" count="2" type="stmt"/>
        <line num="24" count="1" type="cond" truecount="1" falsecount="1"/>
        <line num="25" count="0" type="stmt"/>
        <line num="26" count="0" type="stmt"/>
        <line num="27" count="0" type="stmt"/>
        <line num="30" count="0" type="cond" truecount="0" falsecount="2"/>
        <line num="31" count="0" type="stmt"/>
        <line num="34" count="0" type="cond" truecount="0" falsecount="2"/>
        <line num="35" count="0" type="stmt"/>
        <line num="36" count="0" type="stmt"/>
        <line num="37" count="0" type="stmt"/>
        <line num="43" count="1" type="stmt"/>
        <line num="46" count="2" type="stmt"/>
        <line num="47" count="2" type="cond" truecount="1" falsecount="1"/>
        <line num="48" count="0" type="cond" truecount="0" falsecount="4"/>
        <line num="51" count="0" type="stmt"/>
        <line num="52" count="0" type="stmt"/>
        <line num="54" count="0" type="stmt"/>
        <line num="57" count="2" type="stmt"/>
        <line num="58" count="2" type="cond" truecount="1" falsecount="1"/>
        <line num="60" count="2" type="stmt"/>
        <line num="61" count="0" type="stmt"/>
        <line num="64" count="2" type="stmt"/>
        <line num="65" count="0" type="stmt"/>
        <line num="66" count="0" type="cond" truecount="0" falsecount="4"/>
        <line num="67" count="0" type="stmt"/>
        <line num="68" count="0" type="stmt"/>
        <line num="69" count="0" type="stmt"/>
        <line num="70" count="0" type="stmt"/>
        <line num="71" count="0" type="stmt"/>
        <line num="72" count="0" type="stmt"/>
        <line num="73" count="0" type="stmt"/>
        <line num="77" count="2" type="stmt"/>
        <line num="78" count="0" type="cond" truecount="0" falsecount="4"/>
        <line num="79" count="0" type="stmt"/>
        <line num="80" count="0" type="stmt"/>
        <line num="81" count="0" type="stmt"/>
        <line num="82" count="0" type="stmt"/>
        <line num="86" count="2" type="stmt"/>
        <line num="87" count="0" type="cond" truecount="0" falsecount="4"/>
        <line num="88" count="0" type="stmt"/>
        <line num="89" count="0" type="stmt"/>
        <line num="90" count="0" type="stmt"/>
        <line num="91" count="0" type="stmt"/>
        <line num="92" count="0" type="stmt"/>
        <line num="96" count="2" type="stmt"/>
        <line num="97" count="0" type="stmt"/>
        <line num="98" count="0" type="stmt"/>
        <line num="99" count="0" type="stmt"/>
        <line num="100" count="0" type="stmt"/>
        <line num="103" count="2" type="stmt"/>
        <line num="104" count="0" type="cond" truecount="0" falsecount="2"/>
        <line num="105" count="0" type="stmt"/>
        <line num="108" count="2" type="stmt"/>
        <line num="109" count="0" type="cond" truecount="0" falsecount="2"/>
        <line num="110" count="0" type="cond" truecount="0" falsecount="2"/>
        <line num="111" count="0" type="stmt"/>
        <line num="115" count="2" type="stmt"/>
        <line num="116" count="2" type="stmt"/>
        <line num="118" count="2" type="cond" truecount="1" falsecount="1"/>
        <line num="121" count="2" type="cond" truecount="1" falsecount="1"/>
        <line num="125" count="2" type="stmt"/>
        <line num="134" count="1" type="stmt"/>
      </file>
      <file name="index.ts" path="/Users/swoo/Workspaces/p2p-planning-poker/src/components/Shared/Timer/index.ts">
        <metrics statements="0" coveredstatements="0" conditionals="0" coveredconditionals="0" methods="0" coveredmethods="0"/>
      </file>
    </package>
    <package name="Workspaces.p2p-planning-poker.src.components.Shared.Toolbar">
      <metrics statements="60" coveredstatements="37" conditionals="26" coveredconditionals="13" methods="15" coveredmethods="12"/>
      <file name="_Toolbar.styles.ts" path="/Users/swoo/Workspaces/p2p-planning-poker/src/components/Shared/Toolbar/_Toolbar.styles.ts">
        <metrics statements="9" coveredstatements="7" conditionals="4" coveredconditionals="2" methods="1" coveredmethods="1"/>
        <line num="6" count="2" type="stmt"/>
        <line num="15" count="2" type="stmt"/>
        <line num="25" count="2" type="stmt"/>
        <line num="40" count="38" type="cond" truecount="2" falsecount="2"/>
        <line num="42" count="8" type="stmt"/>
        <line num="48" count="0" type="stmt"/>
        <line num="56" count="30" type="stmt"/>
        <line num="63" count="0" type="stmt"/>
        <line num="82" count="2" type="stmt"/>
      </file>
      <file name="_Toolbar.tsx" path="/Users/swoo/Workspaces/p2p-planning-poker/src/components/Shared/Toolbar/_Toolbar.tsx">
        <metrics statements="9" coveredstatements="9" conditionals="4" coveredconditionals="3" methods="5" coveredmethods="5"/>
        <line num="1" count="2" type="stmt"/>
        <line num="17" count="20" type="stmt"/>
        <line num="18" count="20" type="stmt"/>
        <line num="20" count="20" type="stmt"/>
        <line num="21" count="16" type="cond" truecount="2" falsecount="0"/>
        <line num="24" count="20" type="stmt"/>
        <line num="26" count="14" type="cond" truecount="1" falsecount="1"/>
        <line num="31" count="20" type="stmt"/>
        <line num="35" count="2" type="stmt"/>
      </file>
      <file name="_ToolbarContext.tsx" path="/Users/swoo/Workspaces/p2p-planning-poker/src/components/Shared/Toolbar/_ToolbarContext.tsx">
        <metrics statements="2" coveredstatements="2" conditionals="0" coveredconditionals="0" methods="0" coveredmethods="0"/>
        <line num="1" count="2" type="stmt"/>
        <line num="5" count="2" type="stmt"/>
      </file>
      <file name="_ToolbarGroup.tsx" path="/Users/swoo/Workspaces/p2p-planning-poker/src/components/Shared/Toolbar/_ToolbarGroup.tsx">
        <metrics statements="1" coveredstatements="1" conditionals="0" coveredconditionals="0" methods="1" coveredmethods="1"/>
        <line num="15" count="18" type="stmt"/>
      </file>
      <file name="_ToolbarItem.tsx" path="/Users/swoo/Workspaces/p2p-planning-poker/src/components/Shared/Toolbar/_ToolbarItem.tsx">
        <metrics statements="14" coveredstatements="11" conditionals="7" coveredconditionals="7" methods="5" coveredmethods="3"/>
        <line num="1" count="2" type="stmt"/>
        <line num="24" count="38" type="stmt"/>
        <line num="25" count="38" type="cond" truecount="2" falsecount="0"/>
        <line num="28" count="38" type="stmt"/>
        <line num="30" count="38" type="stmt"/>
        <line num="31" count="19" type="cond" truecount="2" falsecount="0"/>
        <line num="32" count="16" type="stmt"/>
        <line num="34" count="19" type="stmt"/>
        <line num="37" count="38" type="stmt"/>
        <line num="39" count="38" type="stmt"/>
        <line num="44" count="0" type="stmt"/>
        <line num="45" count="0" type="stmt"/>
        <line num="47" count="0" type="stmt"/>
        <line num="57" count="2" type="stmt"/>
      </file>
      <file name="_useToolbar.ts" path="/Users/swoo/Workspaces/p2p-planning-poker/src/components/Shared/Toolbar/_useToolbar.ts">
        <metrics statements="5" coveredstatements="4" conditionals="2" coveredconditionals="1" methods="1" coveredmethods="1"/>
        <line num="1" count="2" type="stmt"/>
        <line num="10" count="38" type="stmt"/>
        <line num="11" count="38" type="cond" truecount="1" falsecount="1"/>
        <line num="12" count="0" type="stmt"/>
        <line num="14" count="38" type="stmt"/>
      </file>
      <file name="_useToolbarNavigation.ts" path="/Users/swoo/Workspaces/p2p-planning-poker/src/components/Shared/Toolbar/_useToolbarNavigation.ts">
        <metrics statements="20" coveredstatements="3" conditionals="9" coveredconditionals="0" methods="2" coveredmethods="1"/>
        <line num="2" count="2" type="stmt"/>
        <line num="11" count="20" type="stmt"/>
        <line num="12" count="0" type="stmt"/>
        <line num="15" count="0" type="stmt"/>
        <line num="21" count="0" type="cond" truecount="0" falsecount="2"/>
        <line num="24" count="0" type="stmt"/>
        <line num="28" count="0" type="cond" truecount="0" falsecount="2"/>
        <line num="30" count="0" type="cond" truecount="0" falsecount="5"/>
        <line num="32" count="0" type="stmt"/>
        <line num="33" count="0" type="stmt"/>
        <line num="35" count="0" type="stmt"/>
        <line num="36" count="0" type="stmt"/>
        <line num="38" count="0" type="stmt"/>
        <line num="39" count="0" type="stmt"/>
        <line num="41" count="0" type="stmt"/>
        <line num="42" count="0" type="stmt"/>
        <line num="44" count="0" type="stmt"/>
        <line num="47" count="0" type="stmt"/>
        <line num="50" count="0" type="stmt"/>
        <line num="53" count="20" type="stmt"/>
      </file>
      <file name="index.ts" path="/Users/swoo/Workspaces/p2p-planning-poker/src/components/Shared/Toolbar/index.ts">
        <metrics statements="0" coveredstatements="0" conditionals="0" coveredconditionals="0" methods="0" coveredmethods="0"/>
      </file>
    </package>
    <package name="Workspaces.p2p-planning-poker.src.components.Shared.Tooltip">
      <metrics statements="61" coveredstatements="28" conditionals="28" coveredconditionals="7" methods="16" coveredmethods="5"/>
      <file name="_Tooltip.styles.ts" path="/Users/swoo/Workspaces/p2p-planning-poker/src/components/Shared/Tooltip/_Tooltip.styles.ts">
        <metrics statements="1" coveredstatements="1" conditionals="0" coveredconditionals="0" methods="0" coveredmethods="0"/>
        <line num="3" count="1" type="stmt"/>
      </file>
      <file name="_Tooltip.tsx" path="/Users/swoo/Workspaces/p2p-planning-poker/src/components/Shared/Tooltip/_Tooltip.tsx">
        <metrics statements="60" coveredstatements="27" conditionals="28" coveredconditionals="7" methods="16" coveredmethods="5"/>
        <line num="1" count="1" type="stmt"/>
        <line num="18" count="1" type="cond" truecount="1" falsecount="0"/>
        <line num="19" count="5" type="stmt"/>
        <line num="20" count="5" type="stmt"/>
        <line num="21" count="5" type="stmt"/>
        <line num="22" count="5" type="stmt"/>
        <line num="26" count="5" type="stmt"/>
        <line num="27" count="0" type="cond" truecount="0" falsecount="2"/>
        <line num="29" count="0" type="stmt"/>
        <line num="35" count="5" type="stmt"/>
        <line num="36" count="0" type="stmt"/>
        <line num="39" count="5" type="stmt"/>
        <line num="40" count="5" type="cond" truecount="1" falsecount="1"/>
        <line num="41" count="5" type="stmt"/>
        <line num="45" count="5" type="stmt"/>
        <line num="53" count="0" type="stmt"/>
        <line num="55" count="0" type="cond" truecount="0" falsecount="4"/>
        <line num="56" count="0" type="stmt"/>
        <line num="59" count="0" type="cond" truecount="0" falsecount="2"/>
        <line num="60" count="0" type="stmt"/>
        <line num="61" count="0" type="stmt"/>
        <line num="66" count="0" type="stmt"/>
        <line num="68" count="0" type="stmt"/>
        <line num="69" count="0" type="stmt"/>
        <line num="71" count="0" type="stmt"/>
        <line num="77" count="0" type="stmt"/>
        <line num="78" count="0" type="cond" truecount="0" falsecount="4"/>
        <line num="79" count="0" type="stmt"/>
        <line num="82" count="0" type="cond" truecount="0" falsecount="2"/>
        <line num="83" count="0" type="stmt"/>
        <line num="84" count="0" type="stmt"/>
        <line num="89" count="0" type="stmt"/>
        <line num="91" count="0" type="stmt"/>
        <line num="92" count="0" type="stmt"/>
        <line num="98" count="5" type="stmt"/>
        <line num="99" count="5" type="stmt"/>
        <line num="100" count="4" type="stmt"/>
        <line num="101" count="4" type="stmt"/>
        <line num="102" count="4" type="stmt"/>
        <line num="106" count="5" type="cond" truecount="1" falsecount="1"/>
        <line num="108" count="5" type="stmt"/>
        <line num="110" count="5" type="stmt"/>
        <line num="111" count="9" type="stmt"/>
        <line num="112" count="9" type="stmt"/>
        <line num="115" count="9" type="stmt"/>
        <line num="116" count="9" type="cond" truecount="1" falsecount="1"/>
        <line num="117" count="0" type="stmt"/>
        <line num="118" count="9" type="cond" truecount="2" falsecount="2"/>
        <line num="119" count="0" type="stmt"/>
        <line num="123" count="5" type="stmt"/>
        <line num="124" count="1" type="stmt"/>
        <line num="130" count="0" type="stmt"/>
        <line num="132" count="0" type="stmt"/>
        <line num="135" count="0" type="stmt"/>
        <line num="137" count="0" type="stmt"/>
        <line num="140" count="0" type="stmt"/>
        <line num="142" count="0" type="stmt"/>
        <line num="145" count="0" type="stmt"/>
        <line num="147" count="0" type="stmt"/>
        <line num="157" count="0" type="stmt"/>
      </file>
      <file name="_Tooltip.types.ts" path="/Users/swoo/Workspaces/p2p-planning-poker/src/components/Shared/Tooltip/_Tooltip.types.ts">
        <metrics statements="0" coveredstatements="0" conditionals="0" coveredconditionals="0" methods="0" coveredmethods="0"/>
      </file>
      <file name="index.ts" path="/Users/swoo/Workspaces/p2p-planning-poker/src/components/Shared/Tooltip/index.ts">
        <metrics statements="0" coveredstatements="0" conditionals="0" coveredconditionals="0" methods="0" coveredmethods="0"/>
      </file>
    </package>
    <package name="Workspaces.p2p-planning-poker.src.components.Shared.VisuallyHidden">
      <metrics statements="5" coveredstatements="5" conditionals="4" coveredconditionals="4" methods="2" coveredmethods="2"/>
      <file name="_VisuallyHidden.styles.ts" path="/Users/swoo/Workspaces/p2p-planning-poker/src/components/Shared/VisuallyHidden/_VisuallyHidden.styles.ts">
        <metrics statements="2" coveredstatements="2" conditionals="2" coveredconditionals="2" methods="1" coveredmethods="1"/>
        <line num="3" count="3" type="stmt"/>
        <line num="13" count="7" type="cond" truecount="2" falsecount="0"/>
      </file>
      <file name="_VisuallyHidden.tsx" path="/Users/swoo/Workspaces/p2p-planning-poker/src/components/Shared/VisuallyHidden/_VisuallyHidden.tsx">
        <metrics statements="3" coveredstatements="3" conditionals="2" coveredconditionals="2" methods="1" coveredmethods="1"/>
        <line num="12" count="7" type="cond" truecount="2" falsecount="0"/>
        <line num="13" count="7" type="stmt"/>
        <line num="14" count="3" type="stmt"/>
      </file>
      <file name="_VisuallyHidden.types.ts" path="/Users/swoo/Workspaces/p2p-planning-poker/src/components/Shared/VisuallyHidden/_VisuallyHidden.types.ts">
        <metrics statements="0" coveredstatements="0" conditionals="0" coveredconditionals="0" methods="0" coveredmethods="0"/>
      </file>
      <file name="index.ts" path="/Users/swoo/Workspaces/p2p-planning-poker/src/components/Shared/VisuallyHidden/index.ts">
        <metrics statements="0" coveredstatements="0" conditionals="0" coveredconditionals="0" methods="0" coveredmethods="0"/>
      </file>
    </package>
    <package name="Workspaces.p2p-planning-poker.src.constants">
      <metrics statements="4" coveredstatements="4" conditionals="0" coveredconditionals="0" methods="0" coveredmethods="0"/>
      <file name="domain.ts" path="/Users/swoo/Workspaces/p2p-planning-poker/src/constants/domain.ts">
        <metrics statements="1" coveredstatements="1" conditionals="0" coveredconditionals="0" methods="0" coveredmethods="0"/>
        <line num="1" count="1" type="stmt"/>
      </file>
      <file name="languages.ts" path="/Users/swoo/Workspaces/p2p-planning-poker/src/constants/languages.ts">
        <metrics statements="1" coveredstatements="1" conditionals="0" coveredconditionals="0" methods="0" coveredmethods="0"/>
        <line num="1" count="26" type="stmt"/>
      </file>
      <file name="storage.ts" path="/Users/swoo/Workspaces/p2p-planning-poker/src/constants/storage.ts">
        <metrics statements="2" coveredstatements="2" conditionals="0" coveredconditionals="0" methods="0" coveredmethods="0"/>
        <line num="1" count="26" type="stmt"/>
        <line num="7" count="26" type="stmt"/>
      </file>
    </package>
    <package name="Workspaces.p2p-planning-poker.src.context">
      <metrics statements="2" coveredstatements="2" conditionals="0" coveredconditionals="0" methods="0" coveredmethods="0"/>
      <file name="RoomContext.ts" path="/Users/swoo/Workspaces/p2p-planning-poker/src/context/RoomContext.ts">
        <metrics statements="2" coveredstatements="2" conditionals="0" coveredconditionals="0" methods="0" coveredmethods="0"/>
        <line num="1" count="4" type="stmt"/>
        <line num="5" count="5" type="stmt"/>
      </file>
    </package>
    <package name="Workspaces.p2p-planning-poker.src.hooks">
      <metrics statements="90" coveredstatements="20" conditionals="62" coveredconditionals="5" methods="14" coveredmethods="5"/>
      <file name="useFloatingPosition.ts" path="/Users/swoo/Workspaces/p2p-planning-poker/src/hooks/useFloatingPosition.ts">
        <metrics statements="44" coveredstatements="3" conditionals="38" coveredconditionals="2" methods="2" coveredmethods="1"/>
        <line num="1" count="5" type="stmt"/>
        <line num="22" count="14" type="stmt"/>
        <line num="23" count="0" type="cond" truecount="0" falsecount="4"/>
        <line num="24" count="0" type="stmt"/>
        <line num="25" count="0" type="stmt"/>
        <line num="27" count="0" type="stmt"/>
        <line num="28" count="0" type="stmt"/>
        <line num="31" count="0" type="stmt"/>
        <line num="32" count="0" type="stmt"/>
        <line num="33" count="0" type="stmt"/>
        <line num="34" count="0" type="stmt"/>
        <line num="36" count="0" type="stmt"/>
        <line num="37" count="0" type="stmt"/>
        <line num="40" count="0" type="stmt"/>
        <line num="41" count="0" type="cond" truecount="0" falsecount="5"/>
        <line num="42" count="0" type="cond" truecount="0" falsecount="2"/>
        <line num="48" count="0" type="cond" truecount="0" falsecount="2"/>
        <line num="54" count="0" type="cond" truecount="0" falsecount="2"/>
        <line num="60" count="0" type="stmt"/>
        <line num="62" count="0" type="stmt"/>
        <line num="63" count="0" type="stmt"/>
        <line num="65" count="0" type="cond" truecount="0" falsecount="4"/>
        <line num="67" count="0" type="stmt"/>
        <line num="68" count="0" type="stmt"/>
        <line num="72" count="0" type="stmt"/>
        <line num="74" count="0" type="stmt"/>
        <line num="75" count="0" type="stmt"/>
        <line num="79" count="0" type="stmt"/>
        <line num="81" count="0" type="stmt"/>
        <line num="85" count="0" type="stmt"/>
        <line num="86" count="0" type="stmt"/>
        <line num="88" count="0" type="stmt"/>
        <line num="92" count="0" type="stmt"/>
        <line num="93" count="0" type="stmt"/>
        <line num="97" count="0" type="stmt"/>
        <line num="98" count="0" type="cond" truecount="0" falsecount="2"/>
        <line num="99" count="0" type="cond" truecount="0" falsecount="2"/>
        <line num="100" count="0" type="stmt"/>
        <line num="101" count="0" type="cond" truecount="0" falsecount="2"/>
        <line num="102" count="0" type="cond" truecount="0" falsecount="2"/>
        <line num="103" count="0" type="stmt"/>
        <line num="105" count="0" type="stmt"/>
        <line num="106" count="0" type="stmt"/>
        <line num="109" count="14" type="stmt"/>
      </file>
      <file name="useMenuNavigation.ts" path="/Users/swoo/Workspaces/p2p-planning-poker/src/hooks/useMenuNavigation.ts">
        <metrics statements="41" coveredstatements="13" conditionals="22" coveredconditionals="2" methods="7" coveredmethods="3"/>
        <line num="1" count="3" type="stmt"/>
        <line num="8" count="7" type="stmt"/>
        <line num="9" count="5" type="stmt"/>
        <line num="10" count="5" type="cond" truecount="1" falsecount="1"/>
        <line num="12" count="5" type="stmt"/>
        <line num="13" count="5" type="cond" truecount="1" falsecount="1"/>
        <line num="15" count="5" type="stmt"/>
        <line num="16" count="0" type="stmt"/>
        <line num="17" count="0" type="cond" truecount="0" falsecount="2"/>
        <line num="19" count="0" type="stmt"/>
        <line num="24" count="0" type="cond" truecount="0" falsecount="2"/>
        <line num="26" count="0" type="cond" truecount="0" falsecount="2"/>
        <line num="28" count="0" type="cond" truecount="0" falsecount="4"/>
        <line num="37" count="0" type="stmt"/>
        <line num="38" count="0" type="stmt"/>
        <line num="44" count="5" type="stmt"/>
        <line num="45" count="0" type="stmt"/>
        <line num="46" count="0" type="stmt"/>
        <line num="52" count="0" type="cond" truecount="0" falsecount="2"/>
        <line num="54" count="0" type="stmt"/>
        <line num="56" count="0" type="cond" truecount="0" falsecount="6"/>
        <line num="58" count="0" type="stmt"/>
        <line num="59" count="0" type="stmt"/>
        <line num="60" count="0" type="stmt"/>
        <line num="62" count="0" type="stmt"/>
        <line num="63" count="0" type="stmt"/>
        <line num="66" count="0" type="stmt"/>
        <line num="68" count="0" type="stmt"/>
        <line num="69" count="0" type="stmt"/>
        <line num="70" count="0" type="stmt"/>
        <line num="72" count="0" type="stmt"/>
        <line num="73" count="0" type="stmt"/>
        <line num="74" count="0" type="stmt"/>
        <line num="77" count="0" type="stmt"/>
        <line num="78" count="0" type="stmt"/>
        <line num="82" count="0" type="stmt"/>
        <line num="86" count="5" type="stmt"/>
        <line num="87" count="5" type="stmt"/>
        <line num="89" count="5" type="stmt"/>
        <line num="90" count="2" type="stmt"/>
        <line num="91" count="2" type="stmt"/>
      </file>
      <file name="useRoom.ts" path="/Users/swoo/Workspaces/p2p-planning-poker/src/hooks/useRoom.ts">
        <metrics statements="5" coveredstatements="4" conditionals="2" coveredconditionals="1" methods="5" coveredmethods="1"/>
        <line num="1" count="4" type="stmt"/>
        <line num="7" count="27" type="stmt"/>
        <line num="8" count="27" type="cond" truecount="1" falsecount="1"/>
        <line num="9" count="0" type="stmt"/>
        <line num="22" count="27" type="stmt"/>
      </file>
    </package>
    <package name="Workspaces.p2p-planning-poker.src.i18n">
      <metrics statements="4" coveredstatements="4" conditionals="2" coveredconditionals="2" methods="0" coveredmethods="0"/>
      <file name="config.ts" path="/Users/swoo/Workspaces/p2p-planning-poker/src/i18n/config.ts">
        <metrics statements="4" coveredstatements="4" conditionals="2" coveredconditionals="2" methods="0" coveredmethods="0"/>
        <line num="11" count="26" type="stmt"/>
        <line num="26" count="26" type="stmt"/>
        <line num="28" count="26" type="cond" truecount="2" falsecount="0"/>
        <line num="30" count="26" type="stmt"/>
      </file>
    </package>
    <package name="Workspaces.p2p-planning-poker.src.i18n.locales.de">
      <metrics statements="0" coveredstatements="0" conditionals="0" coveredconditionals="0" methods="0" coveredmethods="0"/>
      <file name="translation.json" path="/Users/swoo/Workspaces/p2p-planning-poker/src/i18n/locales/de/translation.json">
        <metrics statements="0" coveredstatements="0" conditionals="0" coveredconditionals="0" methods="0" coveredmethods="0"/>
      </file>
    </package>
    <package name="Workspaces.p2p-planning-poker.src.i18n.locales.en">
      <metrics statements="0" coveredstatements="0" conditionals="0" coveredconditionals="0" methods="0" coveredmethods="0"/>
      <file name="translation.json" path="/Users/swoo/Workspaces/p2p-planning-poker/src/i18n/locales/en/translation.json">
        <metrics statements="0" coveredstatements="0" conditionals="0" coveredconditionals="0" methods="0" coveredmethods="0"/>
      </file>
    </package>
    <package name="Workspaces.p2p-planning-poker.src.i18n.locales.fr">
      <metrics statements="0" coveredstatements="0" conditionals="0" coveredconditionals="0" methods="0" coveredmethods="0"/>
      <file name="translation.json" path="/Users/swoo/Workspaces/p2p-planning-poker/src/i18n/locales/fr/translation.json">
        <metrics statements="0" coveredstatements="0" conditionals="0" coveredconditionals="0" methods="0" coveredmethods="0"/>
      </file>
    </package>
    <package name="Workspaces.p2p-planning-poker.src.i18n.locales.pt">
      <metrics statements="0" coveredstatements="0" conditionals="0" coveredconditionals="0" methods="0" coveredmethods="0"/>
      <file name="translation.json" path="/Users/swoo/Workspaces/p2p-planning-poker/src/i18n/locales/pt/translation.json">
        <metrics statements="0" coveredstatements="0" conditionals="0" coveredconditionals="0" methods="0" coveredmethods="0"/>
      </file>
    </package>
    <package name="Workspaces.p2p-planning-poker.src.theme">
      <metrics statements="7" coveredstatements="7" conditionals="0" coveredconditionals="0" methods="2" coveredmethods="2"/>
      <file name="GlobalStyles.ts" path="/Users/swoo/Workspaces/p2p-planning-poker/src/theme/GlobalStyles.ts">
        <metrics statements="7" coveredstatements="7" conditionals="0" coveredconditionals="0" methods="2" coveredmethods="2"/>
        <line num="3" count="26" type="stmt"/>
        <line num="23" count="26" type="stmt"/>
        <line num="43" count="26" type="stmt"/>
        <line num="50" count="26" type="stmt"/>
        <line num="54" count="130" type="stmt"/>
        <line num="55" count="1872" type="stmt"/>
        <line num="59" count="26" type="stmt"/>
      </file>
    </package>
  </project>
</coverage>
