{"/Users/swoo/Workspaces/p2p-planning-poker": {"path":"/Users/swoo/Workspaces/p2p-planning-poker","statementMap":{},"fnMap":{},"branchMap":{},"s":{},"f":{},"b":{},"meta":{"lastBranch":0,"lastFunction":0,"lastStatement":0,"seen":{}}}
,"/Users/swoo/Workspaces/p2p-planning-poker/package.json": {"path":"/Users/swoo/Workspaces/p2p-planning-poker/package.json","statementMap":{},"fnMap":{},"branchMap":{},"s":{},"f":{},"b":{},"meta":{"lastBranch":0,"lastFunction":0,"lastStatement":0,"seen":{}}}
,"/Users/swoo/Workspaces/p2p-planning-poker/.storybook/StorybookThemes.ts": {"path":"/Users/swoo/Workspaces/p2p-planning-poker/.storybook/StorybookThemes.ts","statementMap":{"0":{"start":{"line":3,"column":26},"end":{"line":14,"column":null}},"1":{"start":{"line":16,"column":25},"end":{"line":27,"column":null}}},"fnMap":{},"branchMap":{},"s":{"0":26,"1":26},"f":{},"b":{},"meta":{"lastBranch":0,"lastFunction":0,"lastStatement":2,"seen":{"s:3:26:14:Infinity":0,"s:16:25:27:Infinity":1}}}
,"/Users/swoo/Workspaces/p2p-planning-poker/.storybook/StorybookWrappers.tsx": {"path":"/Users/swoo/Workspaces/p2p-planning-poker/.storybook/StorybookWrappers.tsx","statementMap":{"0":{"start":{"line":44,"column":4},"end":{"line":44,"column":5}},"1":{"start":{"line":8,"column":58},"end":{"line":8,"column":null}},"2":{"start":{"line":15,"column":21},"end":{"line":18,"column":null}},"3":{"start":{"line":20,"column":31},"end":{"line":49,"column":null}},"4":{"start":{"line":24,"column":28},"end":{"line":24,"column":null}},"5":{"start":{"line":26,"column":1},"end":{"line":28,"column":null}},"6":{"start":{"line":27,"column":2},"end":{"line":27,"column":null}},"7":{"start":{"line":30,"column":1},"end":{"line":39,"column":null}},"8":{"start":{"line":31,"column":15},"end":{"line":31,"column":null}},"9":{"start":{"line":32,"column":2},"end":{"line":38,"column":null}},"10":{"start":{"line":33,"column":3},"end":{"line":33,"column":null}},"11":{"start":{"line":34,"column":2},"end":{"line":38,"column":null}},"12":{"start":{"line":35,"column":3},"end":{"line":35,"column":null}},"13":{"start":{"line":36,"column":2},"end":{"line":38,"column":null}},"14":{"start":{"line":37,"column":3},"end":{"line":37,"column":null}},"15":{"start":{"line":41,"column":1},"end":{"line":47,"column":null}},"16":{"start":{"line":51,"column":35},"end":{"line":95,"column":null}},"17":{"start":{"line":56,"column":29},"end":{"line":56,"column":null}},"18":{"start":{"line":58,"column":1},"end":{"line":62,"column":null}},"19":{"start":{"line":59,"column":2},"end":{"line":61,"column":null}},"20":{"start":{"line":60,"column":3},"end":{"line":60,"column":null}},"21":{"start":{"line":64,"column":1},"end":{"line":73,"column":null}},"22":{"start":{"line":65,"column":15},"end":{"line":65,"column":null}},"23":{"start":{"line":66,"column":2},"end":{"line":72,"column":null}},"24":{"start":{"line":67,"column":3},"end":{"line":67,"column":null}},"25":{"start":{"line":68,"column":2},"end":{"line":72,"column":null}},"26":{"start":{"line":69,"column":3},"end":{"line":69,"column":null}},"27":{"start":{"line":70,"column":2},"end":{"line":72,"column":null}},"28":{"start":{"line":71,"column":3},"end":{"line":71,"column":null}},"29":{"start":{"line":75,"column":15},"end":{"line":83,"column":null}},"30":{"start":{"line":76,"column":2},"end":{"line":76,"column":null}},"31":{"start":{"line":76,"column":25},"end":{"line":76,"column":null}},"32":{"start":{"line":77,"column":2},"end":{"line":77,"column":null}},"33":{"start":{"line":77,"column":26},"end":{"line":77,"column":null}},"34":{"start":{"line":79,"column":17},"end":{"line":81,"column":null}},"35":{"start":{"line":82,"column":2},"end":{"line":82,"column":null}},"36":{"start":{"line":85,"column":1},"end":{"line":93,"column":null}}},"fnMap":{"0":{"name":"(anonymous_0)","decl":{"start":{"line":20,"column":31},"end":{"line":20,"column":null}},"loc":{"start":{"line":23,"column":5},"end":{"line":49,"column":null}},"line":23},"1":{"name":"(anonymous_1)","decl":{"start":{"line":26,"column":11},"end":{"line":26,"column":17}},"loc":{"start":{"line":26,"column":17},"end":{"line":28,"column":4}},"line":26},"2":{"name":"(anonymous_2)","decl":{"start":{"line":30,"column":11},"end":{"line":30,"column":17}},"loc":{"start":{"line":30,"column":17},"end":{"line":39,"column":4}},"line":30},"3":{"name":"(anonymous_3)","decl":{"start":{"line":51,"column":35},"end":{"line":51,"column":36}},"loc":{"start":{"line":54,"column":52},"end":{"line":95,"column":null}},"line":54},"4":{"name":"(anonymous_4)","decl":{"start":{"line":58,"column":11},"end":{"line":58,"column":17}},"loc":{"start":{"line":58,"column":17},"end":{"line":62,"column":4}},"line":58},"5":{"name":"(anonymous_5)","decl":{"start":{"line":64,"column":11},"end":{"line":64,"column":17}},"loc":{"start":{"line":64,"column":17},"end":{"line":73,"column":4}},"line":64},"6":{"name":"(anonymous_6)","decl":{"start":{"line":75,"column":23},"end":{"line":75,"column":29}},"loc":{"start":{"line":75,"column":29},"end":{"line":83,"column":4}},"line":75}},"branchMap":{"0":{"loc":{"start":{"line":32,"column":2},"end":{"line":38,"column":null}},"type":"if","locations":[{"start":{"line":32,"column":2},"end":{"line":38,"column":null}},{"start":{"line":34,"column":2},"end":{"line":38,"column":null}}],"line":32},"1":{"loc":{"start":{"line":34,"column":2},"end":{"line":38,"column":null}},"type":"if","locations":[{"start":{"line":34,"column":2},"end":{"line":38,"column":null}},{"start":{"line":36,"column":2},"end":{"line":38,"column":null}}],"line":34},"2":{"loc":{"start":{"line":36,"column":2},"end":{"line":38,"column":null}},"type":"if","locations":[{"start":{"line":36,"column":2},"end":{"line":38,"column":null}},{"start":{},"end":{}}],"line":36},"3":{"loc":{"start":{"line":56,"column":29},"end":{"line":56,"column":null}},"type":"binary-expr","locations":[{"start":{"line":56,"column":29},"end":{"line":56,"column":56}},{"start":{"line":56,"column":56},"end":{"line":56,"column":null}}],"line":56},"4":{"loc":{"start":{"line":59,"column":2},"end":{"line":61,"column":null}},"type":"if","locations":[{"start":{"line":59,"column":2},"end":{"line":61,"column":null}},{"start":{},"end":{}}],"line":59},"5":{"loc":{"start":{"line":66,"column":2},"end":{"line":72,"column":null}},"type":"if","locations":[{"start":{"line":66,"column":2},"end":{"line":72,"column":null}},{"start":{"line":68,"column":2},"end":{"line":72,"column":null}}],"line":66},"6":{"loc":{"start":{"line":68,"column":2},"end":{"line":72,"column":null}},"type":"if","locations":[{"start":{"line":68,"column":2},"end":{"line":72,"column":null}},{"start":{"line":70,"column":2},"end":{"line":72,"column":null}}],"line":68},"7":{"loc":{"start":{"line":70,"column":2},"end":{"line":72,"column":null}},"type":"if","locations":[{"start":{"line":70,"column":2},"end":{"line":72,"column":null}},{"start":{},"end":{}}],"line":70},"8":{"loc":{"start":{"line":76,"column":2},"end":{"line":76,"column":null}},"type":"if","locations":[{"start":{"line":76,"column":2},"end":{"line":76,"column":null}},{"start":{},"end":{}}],"line":76},"9":{"loc":{"start":{"line":77,"column":2},"end":{"line":77,"column":null}},"type":"if","locations":[{"start":{"line":77,"column":2},"end":{"line":77,"column":null}},{"start":{},"end":{}}],"line":77},"10":{"loc":{"start":{"line":82,"column":9},"end":{"line":82,"column":null}},"type":"cond-expr","locations":[{"start":{"line":82,"column":18},"end":{"line":82,"column":30}},{"start":{"line":82,"column":30},"end":{"line":82,"column":null}}],"line":82}},"s":{"0":26,"1":26,"2":26,"3":26,"4":76,"5":76,"6":76,"7":76,"8":76,"9":76,"10":0,"11":76,"12":0,"13":76,"14":76,"15":76,"16":26,"17":0,"18":0,"19":0,"20":0,"21":0,"22":0,"23":0,"24":0,"25":0,"26":0,"27":0,"28":0,"29":0,"30":0,"31":0,"32":0,"33":0,"34":0,"35":0,"36":0},"f":{"0":76,"1":76,"2":76,"3":0,"4":0,"5":0,"6":0},"b":{"0":[0,76],"1":[0,76],"2":[76,0],"3":[0,0],"4":[0,0],"5":[0,0],"6":[0,0],"7":[0,0],"8":[0,0],"9":[0,0],"10":[0,0]},"meta":{"lastBranch":11,"lastFunction":7,"lastStatement":37,"seen":{"s:44:4:44:5":0,"s:8:58:8:Infinity":1,"s:15:21:18:Infinity":2,"s:20:31:49:Infinity":3,"f:20:31:20:Infinity":0,"s:24:28:24:Infinity":4,"s:26:1:28:Infinity":5,"f:26:11:26:17":1,"s:27:2:27:Infinity":6,"s:30:1:39:Infinity":7,"f:30:11:30:17":2,"s:31:15:31:Infinity":8,"b:32:2:38:Infinity:34:2:38:Infinity":0,"s:32:2:38:Infinity":9,"s:33:3:33:Infinity":10,"b:34:2:38:Infinity:36:2:38:Infinity":1,"s:34:2:38:Infinity":11,"s:35:3:35:Infinity":12,"b:36:2:38:Infinity:undefined:undefined:undefined:undefined":2,"s:36:2:38:Infinity":13,"s:37:3:37:Infinity":14,"s:41:1:47:Infinity":15,"s:51:35:95:Infinity":16,"f:51:35:51:36":3,"s:56:29:56:Infinity":17,"b:56:29:56:56:56:56:56:Infinity":3,"s:58:1:62:Infinity":18,"f:58:11:58:17":4,"b:59:2:61:Infinity:undefined:undefined:undefined:undefined":4,"s:59:2:61:Infinity":19,"s:60:3:60:Infinity":20,"s:64:1:73:Infinity":21,"f:64:11:64:17":5,"s:65:15:65:Infinity":22,"b:66:2:72:Infinity:68:2:72:Infinity":5,"s:66:2:72:Infinity":23,"s:67:3:67:Infinity":24,"b:68:2:72:Infinity:70:2:72:Infinity":6,"s:68:2:72:Infinity":25,"s:69:3:69:Infinity":26,"b:70:2:72:Infinity:undefined:undefined:undefined:undefined":7,"s:70:2:72:Infinity":27,"s:71:3:71:Infinity":28,"s:75:15:83:Infinity":29,"f:75:23:75:29":6,"b:76:2:76:Infinity:undefined:undefined:undefined:undefined":8,"s:76:2:76:Infinity":30,"s:76:25:76:Infinity":31,"b:77:2:77:Infinity:undefined:undefined:undefined:undefined":9,"s:77:2:77:Infinity":32,"s:77:26:77:Infinity":33,"s:79:17:81:Infinity":34,"s:82:2:82:Infinity":35,"b:82:18:82:30:82:30:82:Infinity":10,"s:85:1:93:Infinity":36}}}
,"/Users/swoo/Workspaces/p2p-planning-poker/.storybook/preview.tsx": {"path":"/Users/swoo/Workspaces/p2p-planning-poker/.storybook/preview.tsx","statementMap":{"0":{"start":{"line":6,"column":25},"end":{"line":62,"column":null}},"1":{"start":{"line":14,"column":36},"end":{"line":18,"column":6}}},"fnMap":{"0":{"name":"(anonymous_0)","decl":{"start":{"line":14,"column":35},"end":{"line":14,"column":36}},"loc":{"start":{"line":14,"column":36},"end":{"line":18,"column":6}},"line":14}},"branchMap":{},"s":{"0":26,"1":104},"f":{"0":104},"b":{},"meta":{"lastBranch":0,"lastFunction":1,"lastStatement":2,"seen":{"s:6:25:62:Infinity":0,"f:14:35:14:36":0,"s:14:36:18:6":1}}}
,"/Users/swoo/Workspaces/p2p-planning-poker/src/components/Lobby/LobbyForm/_LobbyForm.styles.ts": {"path":"/Users/swoo/Workspaces/p2p-planning-poker/src/components/Lobby/LobbyForm/_LobbyForm.styles.ts","statementMap":{"0":{"start":{"line":3,"column":30},"end":{"line":3,"column":null}},"1":{"start":{"line":8,"column":29},"end":{"line":8,"column":null}},"2":{"start":{"line":17,"column":21},"end":{"line":17,"column":null}},"3":{"start":{"line":23,"column":24},"end":{"line":23,"column":null}},"4":{"start":{"line":29,"column":28},"end":{"line":29,"column":null}},"5":{"start":{"line":48,"column":27},"end":{"line":48,"column":null}},"6":{"start":{"line":55,"column":32},"end":{"line":55,"column":null}},"7":{"start":{"line":67,"column":27},"end":{"line":67,"column":null}},"8":{"start":{"line":95,"column":30},"end":{"line":95,"column":null}},"9":{"start":{"line":114,"column":25},"end":{"line":114,"column":null}},"10":{"start":{"line":127,"column":26},"end":{"line":127,"column":null}},"11":{"start":{"line":133,"column":25},"end":{"line":133,"column":null}},"12":{"start":{"line":140,"column":30},"end":{"line":140,"column":null}}},"fnMap":{},"branchMap":{},"s":{"0":2,"1":2,"2":2,"3":2,"4":2,"5":2,"6":2,"7":2,"8":2,"9":2,"10":2,"11":2,"12":2},"f":{},"b":{},"meta":{"lastBranch":0,"lastFunction":0,"lastStatement":13,"seen":{"s:3:30:3:Infinity":0,"s:8:29:8:Infinity":1,"s:17:21:17:Infinity":2,"s:23:24:23:Infinity":3,"s:29:28:29:Infinity":4,"s:48:27:48:Infinity":5,"s:55:32:55:Infinity":6,"s:67:27:67:Infinity":7,"s:95:30:95:Infinity":8,"s:114:25:114:Infinity":9,"s:127:26:127:Infinity":10,"s:133:25:133:Infinity":11,"s:140:30:140:Infinity":12}}}
,"/Users/swoo/Workspaces/p2p-planning-poker/src/components/Lobby/LobbyForm/_LobbyForm.tsx": {"path":"/Users/swoo/Workspaces/p2p-planning-poker/src/components/Lobby/LobbyForm/_LobbyForm.tsx","statementMap":{"0":{"start":{"line":18,"column":17},"end":{"line":18,"column":null}},"1":{"start":{"line":19,"column":1},"end":{"line":19,"column":null}},"2":{"start":{"line":19,"column":15},"end":{"line":19,"column":null}},"3":{"start":{"line":22,"column":20},"end":{"line":22,"column":null}},"4":{"start":{"line":25,"column":19},"end":{"line":25,"column":null}},"5":{"start":{"line":26,"column":1},"end":{"line":28,"column":null}},"6":{"start":{"line":27,"column":2},"end":{"line":27,"column":null}},"7":{"start":{"line":32,"column":1},"end":{"line":51,"column":null}},"8":{"start":{"line":36,"column":2},"end":{"line":50,"column":null}},"9":{"start":{"line":37,"column":15},"end":{"line":41,"column":null}},"10":{"start":{"line":42,"column":21},"end":{"line":42,"column":null}},"11":{"start":{"line":43,"column":3},"end":{"line":45,"column":null}},"12":{"start":{"line":44,"column":4},"end":{"line":44,"column":null}},"13":{"start":{"line":48,"column":23},"end":{"line":48,"column":null}},"14":{"start":{"line":49,"column":3},"end":{"line":49,"column":null}},"15":{"start":{"line":53,"column":1},"end":{"line":53,"column":null}},"16":{"start":{"line":57,"column":11},"end":{"line":57,"column":null}},"17":{"start":{"line":58,"column":33},"end":{"line":58,"column":null}},"18":{"start":{"line":59,"column":24},"end":{"line":59,"column":null}},"19":{"start":{"line":60,"column":7},"end":{"line":60,"column":null}},"20":{"start":{"line":61,"column":16},"end":{"line":61,"column":null}},"21":{"start":{"line":62,"column":21},"end":{"line":64,"column":null}},"22":{"start":{"line":63,"column":8},"end":{"line":63,"column":null}},"23":{"start":{"line":65,"column":29},"end":{"line":65,"column":null}},"24":{"start":{"line":66,"column":37},"end":{"line":66,"column":null}},"25":{"start":{"line":67,"column":29},"end":{"line":67,"column":null}},"26":{"start":{"line":72,"column":22},"end":{"line":97,"column":null}},"27":{"start":{"line":73,"column":2},"end":{"line":73,"column":null}},"28":{"start":{"line":74,"column":22},"end":{"line":74,"column":null}},"29":{"start":{"line":75,"column":2},"end":{"line":75,"column":null}},"30":{"start":{"line":75,"column":57},"end":{"line":75,"column":null}},"31":{"start":{"line":78,"column":2},"end":{"line":78,"column":null}},"32":{"start":{"line":79,"column":2},"end":{"line":79,"column":null}},"33":{"start":{"line":81,"column":2},"end":{"line":96,"column":null}},"34":{"start":{"line":83,"column":17},"end":{"line":86,"column":null}},"35":{"start":{"line":87,"column":3},"end":{"line":87,"column":null}},"36":{"start":{"line":88,"column":3},"end":{"line":88,"column":null}},"37":{"start":{"line":89,"column":3},"end":{"line":89,"column":null}},"38":{"start":{"line":92,"column":22},"end":{"line":92,"column":null}},"39":{"start":{"line":93,"column":3},"end":{"line":93,"column":null}},"40":{"start":{"line":94,"column":3},"end":{"line":94,"column":null}},"41":{"start":{"line":95,"column":3},"end":{"line":95,"column":null}},"42":{"start":{"line":99,"column":1},"end":{"line":104,"column":null}},"43":{"start":{"line":100,"column":2},"end":{"line":103,"column":null}},"44":{"start":{"line":102,"column":3},"end":{"line":102,"column":null}},"45":{"start":{"line":106,"column":1},"end":{"line":234,"column":null}},"46":{"start":{"line":132,"column":25},"end":{"line":132,"column":null}},"47":{"start":{"line":147,"column":24},"end":{"line":147,"column":null}},"48":{"start":{"line":149,"column":12},"end":{"line":155,"column":null}},"49":{"start":{"line":150,"column":13},"end":{"line":152,"column":null}},"50":{"start":{"line":154,"column":13},"end":{"line":154,"column":null}},"51":{"start":{"line":164,"column":13},"end":{"line":164,"column":null}},"52":{"start":{"line":213,"column":22},"end":{"line":213,"column":null}},"53":{"start":{"line":221,"column":7},"end":{"line":221,"column":null}},"54":{"start":{"line":228,"column":20},"end":{"line":228,"column":null}},"55":{"start":{"line":116,"column":7},"end":{"line":116,"column":8}},"56":{"start":{"line":1,"column":52},"end":{"line":1,"column":null}},"57":{"start":{"line":57,"column":15},"end":{"line":57,"column":null}},"58":{"start":{"line":58,"column":37},"end":{"line":58,"column":null}},"59":{"start":{"line":60,"column":18},"end":{"line":60,"column":null}},"60":{"start":{"line":61,"column":20},"end":{"line":61,"column":null}},"61":{"start":{"line":62,"column":25},"end":{"line":64,"column":null}},"62":{"start":{"line":65,"column":33},"end":{"line":65,"column":null}},"63":{"start":{"line":66,"column":41},"end":{"line":66,"column":null}},"64":{"start":{"line":67,"column":33},"end":{"line":67,"column":null}}},"fnMap":{"0":{"name":"extractRoomCode","decl":{"start":{"line":17,"column":9},"end":{"line":17,"column":25}},"loc":{"start":{"line":17,"column":48},"end":{"line":54,"column":null}},"line":17},"1":{"name":"LobbyForm","decl":{"start":{"line":56,"column":16},"end":{"line":56,"column":28}},"loc":{"start":{"line":56,"column":28},"end":{"line":236,"column":null}},"line":56},"2":{"name":"(anonymous_2)","decl":{"start":{"line":63,"column":2},"end":{"line":63,"column":8}},"loc":{"start":{"line":63,"column":8},"end":{"line":63,"column":null}},"line":63},"3":{"name":"(anonymous_3)","decl":{"start":{"line":72,"column":22},"end":{"line":72,"column":23}},"loc":{"start":{"line":72,"column":40},"end":{"line":97,"column":null}},"line":72},"4":{"name":"(anonymous_4)","decl":{"start":{"line":99,"column":11},"end":{"line":99,"column":17}},"loc":{"start":{"line":99,"column":17},"end":{"line":104,"column":4}},"line":99},"5":{"name":"(anonymous_5)","decl":{"start":{"line":132,"column":18},"end":{"line":132,"column":19}},"loc":{"start":{"line":132,"column":25},"end":{"line":132,"column":null}},"line":132},"6":{"name":"(anonymous_6)","decl":{"start":{"line":146,"column":21},"end":{"line":146,"column":22}},"loc":{"start":{"line":146,"column":28},"end":{"line":156,"column":null}},"line":146},"7":{"name":"(anonymous_7)","decl":{"start":{"line":163,"column":21},"end":{"line":163,"column":null}},"loc":{"start":{"line":164,"column":13},"end":{"line":164,"column":null}},"line":164},"8":{"name":"(anonymous_8)","decl":{"start":{"line":213,"column":16},"end":{"line":213,"column":22}},"loc":{"start":{"line":213,"column":22},"end":{"line":213,"column":null}},"line":213},"9":{"name":"(anonymous_9)","decl":{"start":{"line":220,"column":16},"end":{"line":220,"column":17}},"loc":{"start":{"line":221,"column":7},"end":{"line":221,"column":null}},"line":221},"10":{"name":"(anonymous_10)","decl":{"start":{"line":228,"column":14},"end":{"line":228,"column":20}},"loc":{"start":{"line":228,"column":20},"end":{"line":228,"column":null}},"line":228}},"branchMap":{"0":{"loc":{"start":{"line":19,"column":1},"end":{"line":19,"column":null}},"type":"if","locations":[{"start":{"line":19,"column":1},"end":{"line":19,"column":null}},{"start":{},"end":{}}],"line":19},"1":{"loc":{"start":{"line":22,"column":20},"end":{"line":22,"column":null}},"type":"cond-expr","locations":[{"start":{"line":22,"column":44},"end":{"line":22,"column":67}},{"start":{"line":22,"column":67},"end":{"line":22,"column":null}}],"line":22},"2":{"loc":{"start":{"line":26,"column":1},"end":{"line":28,"column":null}},"type":"if","locations":[{"start":{"line":26,"column":1},"end":{"line":28,"column":null}},{"start":{},"end":{}}],"line":26},"3":{"loc":{"start":{"line":26,"column":5},"end":{"line":26,"column":32}},"type":"binary-expr","locations":[{"start":{"line":26,"column":5},"end":{"line":26,"column":18}},{"start":{"line":26,"column":18},"end":{"line":26,"column":32}}],"line":26},"4":{"loc":{"start":{"line":32,"column":1},"end":{"line":51,"column":null}},"type":"if","locations":[{"start":{"line":32,"column":1},"end":{"line":51,"column":null}},{"start":{},"end":{}}],"line":32},"5":{"loc":{"start":{"line":33,"column":2},"end":{"line":34,"column":null}},"type":"binary-expr","locations":[{"start":{"line":33,"column":2},"end":{"line":33,"column":null}},{"start":{"line":34,"column":3},"end":{"line":34,"column":31}},{"start":{"line":34,"column":31},"end":{"line":34,"column":null}}],"line":33},"6":{"loc":{"start":{"line":38,"column":4},"end":{"line":40,"column":null}},"type":"cond-expr","locations":[{"start":{"line":39,"column":7},"end":{"line":39,"column":null}},{"start":{"line":40,"column":7},"end":{"line":40,"column":null}}],"line":38},"7":{"loc":{"start":{"line":43,"column":3},"end":{"line":45,"column":null}},"type":"if","locations":[{"start":{"line":43,"column":3},"end":{"line":45,"column":null}},{"start":{},"end":{}}],"line":43},"8":{"loc":{"start":{"line":49,"column":10},"end":{"line":49,"column":null}},"type":"binary-expr","locations":[{"start":{"line":49,"column":10},"end":{"line":49,"column":49}},{"start":{"line":49,"column":49},"end":{"line":49,"column":null}}],"line":49},"9":{"loc":{"start":{"line":63,"column":8},"end":{"line":63,"column":null}},"type":"binary-expr","locations":[{"start":{"line":63,"column":8},"end":{"line":63,"column":44}},{"start":{"line":63,"column":44},"end":{"line":63,"column":null}}],"line":63},"10":{"loc":{"start":{"line":65,"column":42},"end":{"line":65,"column":54}},"type":"binary-expr","locations":[{"start":{"line":65,"column":42},"end":{"line":65,"column":52}},{"start":{"line":65,"column":52},"end":{"line":65,"column":54}}],"line":65},"11":{"loc":{"start":{"line":75,"column":2},"end":{"line":75,"column":null}},"type":"if","locations":[{"start":{"line":75,"column":2},"end":{"line":75,"column":null}},{"start":{},"end":{}}],"line":75},"12":{"loc":{"start":{"line":75,"column":6},"end":{"line":75,"column":57}},"type":"binary-expr","locations":[{"start":{"line":75,"column":6},"end":{"line":75,"column":22}},{"start":{"line":75,"column":22},"end":{"line":75,"column":57}}],"line":75},"13":{"loc":{"start":{"line":81,"column":2},"end":{"line":96,"column":null}},"type":"if","locations":[{"start":{"line":81,"column":2},"end":{"line":96,"column":null}},{"start":{"line":90,"column":9},"end":{"line":96,"column":null}}],"line":81},"14":{"loc":{"start":{"line":100,"column":2},"end":{"line":103,"column":null}},"type":"if","locations":[{"start":{"line":100,"column":2},"end":{"line":103,"column":null}},{"start":{},"end":{}}],"line":100},"15":{"loc":{"start":{"line":112,"column":13},"end":{"line":112,"column":null}},"type":"binary-expr","locations":[{"start":{"line":112,"column":13},"end":{"line":112,"column":22}},{"start":{"line":112,"column":22},"end":{"line":112,"column":null}}],"line":112},"16":{"loc":{"start":{"line":135,"column":8},"end":{"line":171,"column":null}},"type":"binary-expr","locations":[{"start":{"line":135,"column":8},"end":{"line":135,"column":null}},{"start":{"line":136,"column":8},"end":{"line":171,"column":null}}],"line":135},"17":{"loc":{"start":{"line":137,"column":10},"end":{"line":169,"column":null}},"type":"cond-expr","locations":[{"start":{"line":138,"column":10},"end":{"line":158,"column":null}},{"start":{"line":160,"column":10},"end":{"line":169,"column":null}}],"line":137},"18":{"loc":{"start":{"line":149,"column":12},"end":{"line":155,"column":null}},"type":"if","locations":[{"start":{"line":149,"column":12},"end":{"line":155,"column":null}},{"start":{"line":153,"column":19},"end":{"line":155,"column":null}}],"line":149},"19":{"loc":{"start":{"line":180,"column":9},"end":{"line":181,"column":null}},"type":"binary-expr","locations":[{"start":{"line":180,"column":9},"end":{"line":180,"column":null}},{"start":{"line":181,"column":9},"end":{"line":181,"column":null}}],"line":180},"20":{"loc":{"start":{"line":184,"column":9},"end":{"line":188,"column":null}},"type":"cond-expr","locations":[{"start":{"line":185,"column":11},"end":{"line":185,"column":null}},{"start":{"line":186,"column":11},"end":{"line":188,"column":null}}],"line":184},"21":{"loc":{"start":{"line":186,"column":11},"end":{"line":188,"column":null}},"type":"cond-expr","locations":[{"start":{"line":187,"column":12},"end":{"line":187,"column":null}},{"start":{"line":188,"column":12},"end":{"line":188,"column":null}}],"line":186},"22":{"loc":{"start":{"line":191,"column":8},"end":{"line":198,"column":null}},"type":"cond-expr","locations":[{"start":{"line":192,"column":8},"end":{"line":194,"column":null}},{"start":{"line":196,"column":8},"end":{"line":198,"column":null}}],"line":191},"23":{"loc":{"start":{"line":208,"column":4},"end":{"line":224,"column":null}},"type":"binary-expr","locations":[{"start":{"line":208,"column":4},"end":{"line":208,"column":23}},{"start":{"line":208,"column":23},"end":{"line":208,"column":null}},{"start":{"line":209,"column":4},"end":{"line":224,"column":null}}],"line":208},"24":{"loc":{"start":{"line":226,"column":4},"end":{"line":232,"column":null}},"type":"binary-expr","locations":[{"start":{"line":226,"column":4},"end":{"line":226,"column":23}},{"start":{"line":226,"column":23},"end":{"line":226,"column":null}},{"start":{"line":227,"column":4},"end":{"line":232,"column":null}}],"line":226}},"s":{"0":0,"1":0,"2":0,"3":0,"4":0,"5":0,"6":0,"7":0,"8":0,"9":0,"10":0,"11":0,"12":0,"13":0,"14":0,"15":0,"16":3,"17":3,"18":7,"19":3,"20":3,"21":3,"22":5,"23":3,"24":3,"25":3,"26":7,"27":0,"28":0,"29":0,"30":0,"31":0,"32":0,"33":0,"34":0,"35":0,"36":0,"37":0,"38":0,"39":0,"40":0,"41":0,"42":7,"43":5,"44":2,"45":7,"46":0,"47":0,"48":0,"49":0,"50":0,"51":0,"52":0,"53":0,"54":0,"55":4,"56":1,"57":7,"58":7,"59":7,"60":7,"61":7,"62":7,"63":7,"64":7},"f":{"0":0,"1":7,"2":5,"3":0,"4":5,"5":0,"6":0,"7":0,"8":0,"9":0,"10":0},"b":{"0":[0,0],"1":[0,0],"2":[0,0],"3":[0,0],"4":[0,0],"5":[0,0,0],"6":[0,0],"7":[0,0],"8":[0,0],"9":[5,5],"10":[7,7],"11":[0,0],"12":[0,0],"13":[0,0],"14":[2,3],"15":[7,4],"16":[7,7],"17":[0,7],"18":[0,0],"19":[7,0],"20":[0,7],"21":[0,7],"22":[0,7],"23":[7,0,0],"24":[7,0,0]},"meta":{"lastBranch":25,"lastFunction":11,"lastStatement":55,"seen":{"f:17:9:17:25":0,"s:18:17:18:Infinity":0,"b:19:1:19:Infinity:undefined:undefined:undefined:undefined":0,"s:19:1:19:Infinity":1,"s:19:15:19:Infinity":2,"s:22:20:22:Infinity":3,"b:22:44:22:67:22:67:22:Infinity":1,"s:25:19:25:Infinity":4,"b:26:1:28:Infinity:undefined:undefined:undefined:undefined":2,"s:26:1:28:Infinity":5,"b:26:5:26:18:26:18:26:32":3,"s:27:2:27:Infinity":6,"b:32:1:51:Infinity:undefined:undefined:undefined:undefined":4,"s:32:1:51:Infinity":7,"b:33:2:33:Infinity:34:3:34:31:34:31:34:Infinity":5,"s:36:2:50:Infinity":8,"s:37:15:41:Infinity":9,"b:39:7:39:Infinity:40:7:40:Infinity":6,"s:42:21:42:Infinity":10,"b:43:3:45:Infinity:undefined:undefined:undefined:undefined":7,"s:43:3:45:Infinity":11,"s:44:4:44:Infinity":12,"s:48:23:48:Infinity":13,"s:49:3:49:Infinity":14,"b:49:10:49:49:49:49:49:Infinity":8,"s:53:1:53:Infinity":15,"f:56:16:56:28":1,"s:57:11:57:Infinity":16,"s:58:33:58:Infinity":17,"s:59:24:59:Infinity":18,"s:60:7:60:Infinity":19,"s:61:16:61:Infinity":20,"s:62:21:64:Infinity":21,"f:63:2:63:8":2,"s:63:8:63:Infinity":22,"b:63:8:63:44:63:44:63:Infinity":9,"s:65:29:65:Infinity":23,"b:65:42:65:52:65:52:65:54":10,"s:66:37:66:Infinity":24,"s:67:29:67:Infinity":25,"s:72:22:97:Infinity":26,"f:72:22:72:23":3,"s:73:2:73:Infinity":27,"s:74:22:74:Infinity":28,"b:75:2:75:Infinity:undefined:undefined:undefined:undefined":11,"s:75:2:75:Infinity":29,"b:75:6:75:22:75:22:75:57":12,"s:75:57:75:Infinity":30,"s:78:2:78:Infinity":31,"s:79:2:79:Infinity":32,"b:81:2:96:Infinity:90:9:96:Infinity":13,"s:81:2:96:Infinity":33,"s:83:17:86:Infinity":34,"s:87:3:87:Infinity":35,"s:88:3:88:Infinity":36,"s:89:3:89:Infinity":37,"s:92:22:92:Infinity":38,"s:93:3:93:Infinity":39,"s:94:3:94:Infinity":40,"s:95:3:95:Infinity":41,"s:99:1:104:Infinity":42,"f:99:11:99:17":4,"b:100:2:103:Infinity:undefined:undefined:undefined:undefined":14,"s:100:2:103:Infinity":43,"s:102:3:102:Infinity":44,"s:106:1:234:Infinity":45,"b:112:13:112:22:112:22:112:Infinity":15,"f:132:18:132:19":5,"s:132:25:132:Infinity":46,"b:135:8:135:Infinity:136:8:171:Infinity":16,"b:138:10:158:Infinity:160:10:169:Infinity":17,"f:146:21:146:22":6,"s:147:24:147:Infinity":47,"b:149:12:155:Infinity:153:19:155:Infinity":18,"s:149:12:155:Infinity":48,"s:150:13:152:Infinity":49,"s:154:13:154:Infinity":50,"f:163:21:163:Infinity":7,"s:164:13:164:Infinity":51,"b:180:9:180:Infinity:181:9:181:Infinity":19,"b:185:11:185:Infinity:186:11:188:Infinity":20,"b:187:12:187:Infinity:188:12:188:Infinity":21,"b:192:8:194:Infinity:196:8:198:Infinity":22,"b:208:4:208:23:208:23:208:Infinity:209:4:224:Infinity":23,"f:213:16:213:22":8,"s:213:22:213:Infinity":52,"f:220:16:220:17":9,"s:221:7:221:Infinity":53,"b:226:4:226:23:226:23:226:Infinity:227:4:232:Infinity":24,"f:228:14:228:20":10,"s:228:20:228:Infinity":54}}}
,"/Users/swoo/Workspaces/p2p-planning-poker/src/components/Room/RoomHeader/_RoomHeader.styles.ts": {"path":"/Users/swoo/Workspaces/p2p-planning-poker/src/components/Room/RoomHeader/_RoomHeader.styles.ts","statementMap":{"0":{"start":{"line":3,"column":34},"end":{"line":3,"column":null}},"1":{"start":{"line":16,"column":21},"end":{"line":16,"column":null}}},"fnMap":{},"branchMap":{},"s":{"0":1,"1":1},"f":{},"b":{},"meta":{"lastBranch":0,"lastFunction":0,"lastStatement":2,"seen":{"s:3:34:3:Infinity":0,"s:16:21:16:Infinity":1}}}
,"/Users/swoo/Workspaces/p2p-planning-poker/src/components/Room/RoomHeader/_RoomHeader.tsx": {"path":"/Users/swoo/Workspaces/p2p-planning-poker/src/components/Room/RoomHeader/_RoomHeader.tsx","statementMap":{"0":{"start":{"line":52,"column":2},"end":{"line":52,"column":null}},"1":{"start":{"line":1,"column":25},"end":{"line":1,"column":null}},"2":{"start":{"line":16,"column":15},"end":{"line":16,"column":null}},"3":{"start":{"line":17,"column":65},"end":{"line":17,"column":null}},"4":{"start":{"line":18,"column":20},"end":{"line":18,"column":null}},"5":{"start":{"line":19,"column":51},"end":{"line":19,"column":null}},"6":{"start":{"line":20,"column":53},"end":{"line":20,"column":null}},"7":{"start":{"line":21,"column":31},"end":{"line":21,"column":null}},"8":{"start":{"line":22,"column":39},"end":{"line":22,"column":null}},"9":{"start":{"line":24,"column":1},"end":{"line":24,"column":null}},"10":{"start":{"line":24,"column":17},"end":{"line":24,"column":null}},"11":{"start":{"line":27,"column":2},"end":{"line":28,"column":null}},"12":{"start":{"line":28,"column":31},"end":{"line":28,"column":46}},"13":{"start":{"line":30,"column":21},"end":{"line":33,"column":null}},"14":{"start":{"line":31,"column":2},"end":{"line":31,"column":null}},"15":{"start":{"line":32,"column":2},"end":{"line":32,"column":null}},"16":{"start":{"line":35,"column":22},"end":{"line":37,"column":null}},"17":{"start":{"line":36,"column":2},"end":{"line":36,"column":null}},"18":{"start":{"line":39,"column":22},"end":{"line":44,"column":null}},"19":{"start":{"line":40,"column":2},"end":{"line":42,"column":null}},"20":{"start":{"line":41,"column":3},"end":{"line":41,"column":null}},"21":{"start":{"line":43,"column":2},"end":{"line":43,"column":null}},"22":{"start":{"line":46,"column":26},"end":{"line":49,"column":null}},"23":{"start":{"line":47,"column":2},"end":{"line":47,"column":null}},"24":{"start":{"line":48,"column":2},"end":{"line":48,"column":null}},"25":{"start":{"line":51,"column":1},"end":{"line":181,"column":null}},"26":{"start":{"line":64,"column":23},"end":{"line":64,"column":null}},"27":{"start":{"line":89,"column":24},"end":{"line":89,"column":null}},"28":{"start":{"line":91,"column":17},"end":{"line":91,"column":null}},"29":{"start":{"line":103,"column":19},"end":{"line":103,"column":null}},"30":{"start":{"line":144,"column":19},"end":{"line":144,"column":null}},"31":{"start":{"line":156,"column":20},"end":{"line":156,"column":null}},"32":{"start":{"line":166,"column":20},"end":{"line":166,"column":null}},"33":{"start":{"line":171,"column":23},"end":{"line":171,"column":null}},"34":{"start":{"line":176,"column":7},"end":{"line":176,"column":null}},"35":{"start":{"line":176,"column":30},"end":{"line":176,"column":null}}},"fnMap":{"0":{"name":"RoomHeader","decl":{"start":{"line":15,"column":16},"end":{"line":15,"column":29}},"loc":{"start":{"line":15,"column":29},"end":{"line":183,"column":null}},"line":15},"1":{"name":"(anonymous_1)","decl":{"start":{"line":28,"column":24},"end":{"line":28,"column":25}},"loc":{"start":{"line":28,"column":31},"end":{"line":28,"column":46}},"line":28},"2":{"name":"(anonymous_2)","decl":{"start":{"line":30,"column":21},"end":{"line":30,"column":27}},"loc":{"start":{"line":30,"column":27},"end":{"line":33,"column":null}},"line":30},"3":{"name":"(anonymous_3)","decl":{"start":{"line":35,"column":22},"end":{"line":35,"column":28}},"loc":{"start":{"line":35,"column":28},"end":{"line":37,"column":null}},"line":35},"4":{"name":"(anonymous_4)","decl":{"start":{"line":39,"column":22},"end":{"line":39,"column":28}},"loc":{"start":{"line":39,"column":28},"end":{"line":44,"column":null}},"line":39},"5":{"name":"(anonymous_5)","decl":{"start":{"line":46,"column":26},"end":{"line":46,"column":32}},"loc":{"start":{"line":46,"column":32},"end":{"line":49,"column":null}},"line":46},"6":{"name":"(anonymous_6)","decl":{"start":{"line":64,"column":17},"end":{"line":64,"column":23}},"loc":{"start":{"line":64,"column":23},"end":{"line":64,"column":null}},"line":64},"7":{"name":"(anonymous_7)","decl":{"start":{"line":89,"column":18},"end":{"line":89,"column":24}},"loc":{"start":{"line":89,"column":24},"end":{"line":89,"column":null}},"line":89},"8":{"name":"(anonymous_8)","decl":{"start":{"line":91,"column":10},"end":{"line":91,"column":11}},"loc":{"start":{"line":91,"column":17},"end":{"line":91,"column":null}},"line":91},"9":{"name":"(anonymous_9)","decl":{"start":{"line":103,"column":12},"end":{"line":103,"column":13}},"loc":{"start":{"line":103,"column":19},"end":{"line":103,"column":null}},"line":103},"10":{"name":"(anonymous_10)","decl":{"start":{"line":144,"column":13},"end":{"line":144,"column":19}},"loc":{"start":{"line":144,"column":19},"end":{"line":144,"column":null}},"line":144},"11":{"name":"(anonymous_11)","decl":{"start":{"line":156,"column":14},"end":{"line":156,"column":20}},"loc":{"start":{"line":156,"column":20},"end":{"line":156,"column":null}},"line":156},"12":{"name":"(anonymous_12)","decl":{"start":{"line":166,"column":14},"end":{"line":166,"column":20}},"loc":{"start":{"line":166,"column":20},"end":{"line":166,"column":null}},"line":166},"13":{"name":"(anonymous_13)","decl":{"start":{"line":171,"column":16},"end":{"line":171,"column":17}},"loc":{"start":{"line":171,"column":23},"end":{"line":171,"column":null}},"line":171},"14":{"name":"(anonymous_14)","decl":{"start":{"line":175,"column":17},"end":{"line":175,"column":18}},"loc":{"start":{"line":175,"column":24},"end":{"line":177,"column":null}},"line":175}},"branchMap":{"0":{"loc":{"start":{"line":24,"column":1},"end":{"line":24,"column":null}},"type":"if","locations":[{"start":{"line":24,"column":1},"end":{"line":24,"column":null}},{"start":{},"end":{}}],"line":24},"1":{"loc":{"start":{"line":27,"column":2},"end":{"line":28,"column":null}},"type":"binary-expr","locations":[{"start":{"line":27,"column":2},"end":{"line":27,"column":null}},{"start":{"line":28,"column":2},"end":{"line":28,"column":null}}],"line":27},"2":{"loc":{"start":{"line":40,"column":2},"end":{"line":42,"column":null}},"type":"if","locations":[{"start":{"line":40,"column":2},"end":{"line":42,"column":null}},{"start":{},"end":{}}],"line":40},"3":{"loc":{"start":{"line":40,"column":6},"end":{"line":40,"column":46}},"type":"binary-expr","locations":[{"start":{"line":40,"column":6},"end":{"line":40,"column":24}},{"start":{"line":40,"column":24},"end":{"line":40,"column":46}}],"line":40},"4":{"loc":{"start":{"line":80,"column":6},"end":{"line":110,"column":null}},"type":"binary-expr","locations":[{"start":{"line":80,"column":6},"end":{"line":80,"column":null}},{"start":{"line":81,"column":6},"end":{"line":110,"column":null}}],"line":80},"5":{"loc":{"start":{"line":94,"column":8},"end":{"line":107,"column":null}},"type":"binary-expr","locations":[{"start":{"line":95,"column":10},"end":{"line":95,"column":23}},{"start":{"line":95,"column":23},"end":{"line":95,"column":null}},{"start":{"line":96,"column":9},"end":{"line":107,"column":null}}],"line":94},"6":{"loc":{"start":{"line":101,"column":11},"end":{"line":104,"column":null}},"type":"binary-expr","locations":[{"start":{"line":101,"column":11},"end":{"line":101,"column":null}},{"start":{"line":102,"column":11},"end":{"line":104,"column":null}}],"line":101},"7":{"loc":{"start":{"line":113,"column":5},"end":{"line":137,"column":null}},"type":"binary-expr","locations":[{"start":{"line":113,"column":5},"end":{"line":113,"column":15}},{"start":{"line":113,"column":15},"end":{"line":113,"column":27}},{"start":{"line":113,"column":27},"end":{"line":113,"column":null}},{"start":{"line":114,"column":5},"end":{"line":137,"column":null}}],"line":113},"8":{"loc":{"start":{"line":145,"column":12},"end":{"line":145,"column":null}},"type":"binary-expr","locations":[{"start":{"line":145,"column":12},"end":{"line":145,"column":22}},{"start":{"line":145,"column":22},"end":{"line":145,"column":null}}],"line":145},"9":{"loc":{"start":{"line":176,"column":7},"end":{"line":176,"column":null}},"type":"if","locations":[{"start":{"line":176,"column":7},"end":{"line":176,"column":null}},{"start":{},"end":{}}],"line":176}},"s":{"0":1,"1":1,"2":8,"3":8,"4":8,"5":8,"6":8,"7":8,"8":8,"9":8,"10":0,"11":8,"12":10,"13":8,"14":0,"15":0,"16":8,"17":0,"18":8,"19":0,"20":0,"21":0,"22":8,"23":0,"24":0,"25":8,"26":0,"27":0,"28":14,"29":8,"30":0,"31":0,"32":0,"33":0,"34":0,"35":0},"f":{"0":8,"1":10,"2":0,"3":0,"4":0,"5":0,"6":0,"7":0,"8":14,"9":8,"10":0,"11":0,"12":0,"13":0,"14":0},"b":{"0":[0,8],"1":[8,8],"2":[0,0],"3":[0,0],"4":[8,8],"5":[8,2,6],"6":[6,4],"7":[8,8,2,2],"8":[8,8],"9":[0,0]},"meta":{"lastBranch":10,"lastFunction":15,"lastStatement":36,"seen":{"s:52:2:52:Infinity":0,"s:1:25:1:Infinity":1,"f:15:16:15:29":0,"s:16:15:16:Infinity":2,"s:17:65:17:Infinity":3,"s:18:20:18:Infinity":4,"s:19:51:19:Infinity":5,"s:20:53:20:Infinity":6,"s:21:31:21:Infinity":7,"s:22:39:22:Infinity":8,"b:24:1:24:Infinity:undefined:undefined:undefined:undefined":0,"s:24:1:24:Infinity":9,"s:24:17:24:Infinity":10,"s:27:2:28:Infinity":11,"b:27:2:27:Infinity:28:2:28:Infinity":1,"f:28:24:28:25":1,"s:28:31:28:46":12,"s:30:21:33:Infinity":13,"f:30:21:30:27":2,"s:31:2:31:Infinity":14,"s:32:2:32:Infinity":15,"s:35:22:37:Infinity":16,"f:35:22:35:28":3,"s:36:2:36:Infinity":17,"s:39:22:44:Infinity":18,"f:39:22:39:28":4,"b:40:2:42:Infinity:undefined:undefined:undefined:undefined":2,"s:40:2:42:Infinity":19,"b:40:6:40:24:40:24:40:46":3,"s:41:3:41:Infinity":20,"s:43:2:43:Infinity":21,"s:46:26:49:Infinity":22,"f:46:26:46:32":5,"s:47:2:47:Infinity":23,"s:48:2:48:Infinity":24,"s:51:1:181:Infinity":25,"f:64:17:64:23":6,"s:64:23:64:Infinity":26,"b:80:6:80:Infinity:81:6:110:Infinity":4,"f:89:18:89:24":7,"s:89:24:89:Infinity":27,"f:91:10:91:11":8,"s:91:17:91:Infinity":28,"b:95:10:95:23:95:23:95:Infinity:96:9:107:Infinity":5,"b:101:11:101:Infinity:102:11:104:Infinity":6,"f:103:12:103:13":9,"s:103:19:103:Infinity":29,"b:113:5:113:15:113:15:113:27:113:27:113:Infinity:114:5:137:Infinity":7,"f:144:13:144:19":10,"s:144:19:144:Infinity":30,"b:145:12:145:22:145:22:145:Infinity":8,"f:156:14:156:20":11,"s:156:20:156:Infinity":31,"f:166:14:166:20":12,"s:166:20:166:Infinity":32,"f:171:16:171:17":13,"s:171:23:171:Infinity":33,"f:175:17:175:18":14,"b:176:7:176:Infinity:undefined:undefined:undefined:undefined":9,"s:176:7:176:Infinity":34,"s:176:30:176:Infinity":35}}}
,"/Users/swoo/Workspaces/p2p-planning-poker/src/components/Room/Roster/_Roster.styles.ts": {"path":"/Users/swoo/Workspaces/p2p-planning-poker/src/components/Room/Roster/_Roster.styles.ts","statementMap":{"0":{"start":{"line":3,"column":31},"end":{"line":3,"column":null}},"1":{"start":{"line":8,"column":28},"end":{"line":8,"column":null}},"2":{"start":{"line":20,"column":30},"end":{"line":20,"column":null}},"3":{"start":{"line":31,"column":31},"end":{"line":31,"column":null}}},"fnMap":{},"branchMap":{},"s":{"0":1,"1":1,"2":1,"3":1},"f":{},"b":{},"meta":{"lastBranch":0,"lastFunction":0,"lastStatement":4,"seen":{"s:3:31:3:Infinity":0,"s:8:28:8:Infinity":1,"s:20:30:20:Infinity":2,"s:31:31:31:Infinity":3}}}
,"/Users/swoo/Workspaces/p2p-planning-poker/src/components/Room/Roster/_Roster.tsx": {"path":"/Users/swoo/Workspaces/p2p-planning-poker/src/components/Room/Roster/_Roster.tsx","statementMap":{"0":{"start":{"line":16,"column":4},"end":{"line":16,"column":5}},"1":{"start":{"line":8,"column":15},"end":{"line":8,"column":null}},"2":{"start":{"line":9,"column":33},"end":{"line":9,"column":null}},"3":{"start":{"line":11,"column":1},"end":{"line":11,"column":null}},"4":{"start":{"line":11,"column":17},"end":{"line":11,"column":null}},"5":{"start":{"line":13,"column":1},"end":{"line":40,"column":null}},"6":{"start":{"line":18,"column":36},"end":{"line":18,"column":51}},"7":{"start":{"line":25,"column":5},"end":{"line":37,"column":null}}},"fnMap":{"0":{"name":"Roster","decl":{"start":{"line":7,"column":16},"end":{"line":7,"column":25}},"loc":{"start":{"line":7,"column":25},"end":{"line":42,"column":null}},"line":7},"1":{"name":"(anonymous_1)","decl":{"start":{"line":18,"column":29},"end":{"line":18,"column":30}},"loc":{"start":{"line":18,"column":36},"end":{"line":18,"column":51}},"line":18},"2":{"name":"(anonymous_2)","decl":{"start":{"line":24,"column":25},"end":{"line":24,"column":26}},"loc":{"start":{"line":25,"column":5},"end":{"line":37,"column":null}},"line":25}},"branchMap":{"0":{"loc":{"start":{"line":11,"column":1},"end":{"line":11,"column":null}},"type":"if","locations":[{"start":{"line":11,"column":1},"end":{"line":11,"column":null}},{"start":{},"end":{}}],"line":11}},"s":{"0":1,"1":8,"2":8,"3":8,"4":0,"5":8,"6":46,"7":46},"f":{"0":8,"1":46,"2":46},"b":{"0":[0,8]},"meta":{"lastBranch":1,"lastFunction":3,"lastStatement":8,"seen":{"s:16:4:16:5":0,"f:7:16:7:25":0,"s:8:15:8:Infinity":1,"s:9:33:9:Infinity":2,"b:11:1:11:Infinity:undefined:undefined:undefined:undefined":0,"s:11:1:11:Infinity":3,"s:11:17:11:Infinity":4,"s:13:1:40:Infinity":5,"f:18:29:18:30":1,"s:18:36:18:51":6,"f:24:25:24:26":2,"s:25:5:37:Infinity":7}}}
,"/Users/swoo/Workspaces/p2p-planning-poker/src/components/Room/Roster/Participant/_Participant.styles.ts": {"path":"/Users/swoo/Workspaces/p2p-planning-poker/src/components/Room/Roster/Participant/_Participant.styles.ts","statementMap":{"0":{"start":{"line":5,"column":27},"end":{"line":5,"column":null}},"1":{"start":{"line":17,"column":37},"end":{"line":17,"column":null}},"2":{"start":{"line":23,"column":35},"end":{"line":23,"column":null}},"3":{"start":{"line":25,"column":39},"end":{"line":25,"column":null}},"4":{"start":{"line":32,"column":52},"end":{"line":34,"column":null}},"5":{"start":{"line":38,"column":34},"end":{"line":38,"column":null}},"6":{"start":{"line":51,"column":43},"end":{"line":51,"column":null}},"7":{"start":{"line":66,"column":40},"end":{"line":66,"column":null}}},"fnMap":{},"branchMap":{},"s":{"0":2,"1":2,"2":2,"3":2,"4":2,"5":2,"6":2,"7":2},"f":{},"b":{},"meta":{"lastBranch":0,"lastFunction":0,"lastStatement":8,"seen":{"s:5:27:5:Infinity":0,"s:17:37:17:Infinity":1,"s:23:35:23:Infinity":2,"s:25:39:25:Infinity":3,"s:32:52:34:Infinity":4,"s:38:34:38:Infinity":5,"s:51:43:51:Infinity":6,"s:66:40:66:Infinity":7}}}
,"/Users/swoo/Workspaces/p2p-planning-poker/src/components/Room/Roster/Participant/_Participant.tsx": {"path":"/Users/swoo/Workspaces/p2p-planning-poker/src/components/Room/Roster/Participant/_Participant.tsx","statementMap":{"0":{"start":{"line":20,"column":4},"end":{"line":20,"column":null}},"1":{"start":{"line":17,"column":1},"end":{"line":66,"column":null}}},"fnMap":{"0":{"name":"Participant","decl":{"start":{"line":5,"column":16},"end":{"line":5,"column":28}},"loc":{"start":{"line":16,"column":17},"end":{"line":68,"column":null}},"line":16}},"branchMap":{"0":{"loc":{"start":{"line":18,"column":35},"end":{"line":18,"column":57}},"type":"cond-expr","locations":[{"start":{"line":18,"column":49},"end":{"line":18,"column":53}},{"start":{"line":18,"column":53},"end":{"line":18,"column":57}}],"line":18},"1":{"loc":{"start":{"line":21,"column":6},"end":{"line":22,"column":null}},"type":"binary-expr","locations":[{"start":{"line":21,"column":6},"end":{"line":21,"column":null}},{"start":{"line":22,"column":6},"end":{"line":22,"column":null}}],"line":21},"2":{"loc":{"start":{"line":25,"column":6},"end":{"line":28,"column":null}},"type":"binary-expr","locations":[{"start":{"line":25,"column":6},"end":{"line":25,"column":null}},{"start":{"line":26,"column":6},"end":{"line":28,"column":null}}],"line":25},"3":{"loc":{"start":{"line":31,"column":5},"end":{"line":39,"column":null}},"type":"cond-expr","locations":[{"start":{"line":32,"column":5},"end":{"line":34,"column":null}},{"start":{"line":36,"column":5},"end":{"line":39,"column":null}}],"line":31},"4":{"loc":{"start":{"line":36,"column":5},"end":{"line":39,"column":null}},"type":"binary-expr","locations":[{"start":{"line":36,"column":5},"end":{"line":36,"column":null}},{"start":{"line":37,"column":6},"end":{"line":39,"column":null}}],"line":36},"5":{"loc":{"start":{"line":38,"column":8},"end":{"line":38,"column":null}},"type":"cond-expr","locations":[{"start":{"line":38,"column":15},"end":{"line":38,"column":27}},{"start":{"line":38,"column":27},"end":{"line":38,"column":null}}],"line":38},"6":{"loc":{"start":{"line":45,"column":6},"end":{"line":62,"column":null}},"type":"cond-expr","locations":[{"start":{"line":46,"column":6},"end":{"line":59,"column":null}},{"start":{"line":62,"column":6},"end":{"line":62,"column":null}}],"line":45},"7":{"loc":{"start":{"line":46,"column":6},"end":{"line":59,"column":null}},"type":"cond-expr","locations":[{"start":{"line":47,"column":7},"end":{"line":55,"column":null}},{"start":{"line":57,"column":7},"end":{"line":59,"column":null}}],"line":46},"8":{"loc":{"start":{"line":48,"column":9},"end":{"line":53,"column":null}},"type":"cond-expr","locations":[{"start":{"line":49,"column":9},"end":{"line":49,"column":null}},{"start":{"line":50,"column":12},"end":{"line":53,"column":null}}],"line":48},"9":{"loc":{"start":{"line":50,"column":12},"end":{"line":53,"column":null}},"type":"cond-expr","locations":[{"start":{"line":51,"column":9},"end":{"line":51,"column":null}},{"start":{"line":53,"column":9},"end":{"line":53,"column":null}}],"line":50}},"s":{"0":2,"1":53},"f":{"0":53},"b":{"0":[49,4],"1":[53,9],"2":[53,9],"3":[4,49],"4":[49,39],"5":[29,10],"6":[39,14],"7":[8,31],"8":[0,8],"9":[2,6]},"meta":{"lastBranch":10,"lastFunction":1,"lastStatement":2,"seen":{"s:20:4:20:Infinity":0,"f:5:16:5:28":0,"s:17:1:66:Infinity":1,"b:18:49:18:53:18:53:18:57":0,"b:21:6:21:Infinity:22:6:22:Infinity":1,"b:25:6:25:Infinity:26:6:28:Infinity":2,"b:32:5:34:Infinity:36:5:39:Infinity":3,"b:36:5:36:Infinity:37:6:39:Infinity":4,"b:38:15:38:27:38:27:38:Infinity":5,"b:46:6:59:Infinity:62:6:62:Infinity":6,"b:47:7:55:Infinity:57:7:59:Infinity":7,"b:49:9:49:Infinity:50:12:53:Infinity":8,"b:51:9:51:Infinity:53:9:53:Infinity":9}}}
,"/Users/swoo/Workspaces/p2p-planning-poker/src/components/Room/Roster/Participant/index.ts": {"path":"/Users/swoo/Workspaces/p2p-planning-poker/src/components/Room/Roster/Participant/index.ts","statementMap":{},"fnMap":{},"branchMap":{},"s":{},"f":{},"b":{},"meta":{"lastBranch":0,"lastFunction":0,"lastStatement":0,"seen":{}}}
,"/Users/swoo/Workspaces/p2p-planning-poker/src/components/Room/VotingDeck/_VotingDeck.styles.ts": {"path":"/Users/swoo/Workspaces/p2p-planning-poker/src/components/Room/VotingDeck/_VotingDeck.styles.ts","statementMap":{"0":{"start":{"line":3,"column":26},"end":{"line":3,"column":null}},"1":{"start":{"line":5,"column":29},"end":{"line":6,"column":null}},"2":{"start":{"line":11,"column":28},"end":{"line":11,"column":null}},"3":{"start":{"line":21,"column":20},"end":{"line":21,"column":null}}},"fnMap":{},"branchMap":{},"s":{"0":1,"1":1,"2":1,"3":1},"f":{},"b":{},"meta":{"lastBranch":0,"lastFunction":0,"lastStatement":4,"seen":{"s:3:26:3:Infinity":0,"s:5:29:6:Infinity":1,"s:11:28:11:Infinity":2,"s:21:20:21:Infinity":3}}}
,"/Users/swoo/Workspaces/p2p-planning-poker/src/components/Room/VotingDeck/_VotingDeck.tsx": {"path":"/Users/swoo/Workspaces/p2p-planning-poker/src/components/Room/VotingDeck/_VotingDeck.tsx","statementMap":{"0":{"start":{"line":22,"column":3},"end":{"line":22,"column":4}},"1":{"start":{"line":10,"column":15},"end":{"line":10,"column":null}},"2":{"start":{"line":11,"column":33},"end":{"line":11,"column":null}},"3":{"start":{"line":13,"column":1},"end":{"line":13,"column":null}},"4":{"start":{"line":13,"column":17},"end":{"line":13,"column":null}},"5":{"start":{"line":16,"column":18},"end":{"line":16,"column":null}},"6":{"start":{"line":17,"column":16},"end":{"line":17,"column":null}},"7":{"start":{"line":17,"column":44},"end":{"line":17,"column":63}},"8":{"start":{"line":18,"column":16},"end":{"line":18,"column":null}},"9":{"start":{"line":20,"column":1},"end":{"line":36,"column":null}},"10":{"start":{"line":27,"column":5},"end":{"line":33,"column":null}},"11":{"start":{"line":31,"column":21},"end":{"line":31,"column":null}}},"fnMap":{"0":{"name":"VotingDeck","decl":{"start":{"line":9,"column":16},"end":{"line":9,"column":29}},"loc":{"start":{"line":9,"column":29},"end":{"line":38,"column":null}},"line":9},"1":{"name":"(anonymous_1)","decl":{"start":{"line":17,"column":37},"end":{"line":17,"column":38}},"loc":{"start":{"line":17,"column":44},"end":{"line":17,"column":63}},"line":17},"2":{"name":"(anonymous_2)","decl":{"start":{"line":26,"column":25},"end":{"line":26,"column":26}},"loc":{"start":{"line":27,"column":5},"end":{"line":33,"column":null}},"line":27},"3":{"name":"(anonymous_3)","decl":{"start":{"line":31,"column":15},"end":{"line":31,"column":21}},"loc":{"start":{"line":31,"column":21},"end":{"line":31,"column":null}},"line":31}},"branchMap":{"0":{"loc":{"start":{"line":13,"column":1},"end":{"line":13,"column":null}},"type":"if","locations":[{"start":{"line":13,"column":1},"end":{"line":13,"column":null}},{"start":{},"end":{}}],"line":13}},"s":{"0":1,"1":4,"2":4,"3":4,"4":0,"5":4,"6":4,"7":4,"8":4,"9":4,"10":44,"11":0},"f":{"0":4,"1":4,"2":44,"3":0},"b":{"0":[0,4]},"meta":{"lastBranch":1,"lastFunction":4,"lastStatement":12,"seen":{"s:22:3:22:4":0,"f:9:16:9:29":0,"s:10:15:10:Infinity":1,"s:11:33:11:Infinity":2,"b:13:1:13:Infinity:undefined:undefined:undefined:undefined":0,"s:13:1:13:Infinity":3,"s:13:17:13:Infinity":4,"s:16:18:16:Infinity":5,"s:17:16:17:Infinity":6,"f:17:37:17:38":1,"s:17:44:17:63":7,"s:18:16:18:Infinity":8,"s:20:1:36:Infinity":9,"f:26:25:26:26":2,"s:27:5:33:Infinity":10,"f:31:15:31:21":3,"s:31:21:31:Infinity":11}}}
,"/Users/swoo/Workspaces/p2p-planning-poker/src/components/Shared/AppFooter/_AppFooter.styles.ts": {"path":"/Users/swoo/Workspaces/p2p-planning-poker/src/components/Shared/AppFooter/_AppFooter.styles.ts","statementMap":{"0":{"start":{"line":4,"column":31},"end":{"line":4,"column":null}},"1":{"start":{"line":20,"column":19},"end":{"line":20,"column":null}},"2":{"start":{"line":29,"column":25},"end":{"line":29,"column":null}},"3":{"start":{"line":35,"column":25},"end":{"line":35,"column":null}},"4":{"start":{"line":40,"column":13},"end":{"line":41,"column":null}},"5":{"start":{"line":44,"column":32},"end":{"line":45,"column":null}},"6":{"start":{"line":48,"column":27},"end":{"line":48,"column":null}},"7":{"start":{"line":40,"column":26},"end":{"line":41,"column":null}}},"fnMap":{},"branchMap":{},"s":{"0":2,"1":2,"2":2,"3":2,"4":1,"5":2,"6":2,"7":2},"f":{},"b":{},"meta":{"lastBranch":0,"lastFunction":0,"lastStatement":7,"seen":{"s:4:31:4:Infinity":0,"s:20:19:20:Infinity":1,"s:29:25:29:Infinity":2,"s:35:25:35:Infinity":3,"s:40:13:41:Infinity":4,"s:44:32:45:Infinity":5,"s:48:27:48:Infinity":6}}}
,"/Users/swoo/Workspaces/p2p-planning-poker/src/components/Shared/AppFooter/_AppFooter.tsx": {"path":"/Users/swoo/Workspaces/p2p-planning-poker/src/components/Shared/AppFooter/_AppFooter.tsx","statementMap":{"0":{"start":{"line":8,"column":17},"end":{"line":8,"column":null}},"1":{"start":{"line":10,"column":18},"end":{"line":10,"column":null}},"2":{"start":{"line":11,"column":19},"end":{"line":11,"column":null}},"3":{"start":{"line":13,"column":19},"end":{"line":13,"column":null}},"4":{"start":{"line":14,"column":17},"end":{"line":14,"column":null}},"5":{"start":{"line":16,"column":28},"end":{"line":21,"column":null}},"6":{"start":{"line":23,"column":1},"end":{"line":80,"column":null}},"7":{"start":{"line":27,"column":5},"end":{"line":27,"column":6}},"8":{"start":{"line":8,"column":21},"end":{"line":8,"column":null}}},"fnMap":{"0":{"name":"AppFooter","decl":{"start":{"line":7,"column":16},"end":{"line":7,"column":28}},"loc":{"start":{"line":7,"column":28},"end":{"line":82,"column":null}},"line":7}},"branchMap":{"0":{"loc":{"start":{"line":16,"column":28},"end":{"line":21,"column":null}},"type":"cond-expr","locations":[{"start":{"line":17,"column":4},"end":{"line":20,"column":null}},{"start":{"line":21,"column":4},"end":{"line":21,"column":null}}],"line":16},"1":{"loc":{"start":{"line":29,"column":16},"end":{"line":29,"column":null}},"type":"cond-expr","locations":[{"start":{"line":29,"column":42},"end":{"line":29,"column":49}},{"start":{"line":29,"column":49},"end":{"line":29,"column":null}}],"line":29},"2":{"loc":{"start":{"line":29,"column":16},"end":{"line":29,"column":42}},"type":"binary-expr","locations":[{"start":{"line":29,"column":16},"end":{"line":29,"column":29}},{"start":{"line":29,"column":29},"end":{"line":29,"column":42}}],"line":29},"3":{"loc":{"start":{"line":31,"column":7},"end":{"line":35,"column":null}},"type":"cond-expr","locations":[{"start":{"line":32,"column":9},"end":{"line":32,"column":null}},{"start":{"line":33,"column":9},"end":{"line":35,"column":null}}],"line":31},"4":{"loc":{"start":{"line":33,"column":9},"end":{"line":35,"column":null}},"type":"cond-expr","locations":[{"start":{"line":34,"column":10},"end":{"line":34,"column":null}},{"start":{"line":35,"column":10},"end":{"line":35,"column":null}}],"line":33},"5":{"loc":{"start":{"line":39,"column":16},"end":{"line":39,"column":null}},"type":"cond-expr","locations":[{"start":{"line":39,"column":42},"end":{"line":39,"column":49}},{"start":{"line":39,"column":49},"end":{"line":39,"column":null}}],"line":39},"6":{"loc":{"start":{"line":39,"column":16},"end":{"line":39,"column":42}},"type":"binary-expr","locations":[{"start":{"line":39,"column":16},"end":{"line":39,"column":29}},{"start":{"line":39,"column":29},"end":{"line":39,"column":42}}],"line":39},"7":{"loc":{"start":{"line":41,"column":7},"end":{"line":45,"column":null}},"type":"cond-expr","locations":[{"start":{"line":42,"column":9},"end":{"line":42,"column":null}},{"start":{"line":43,"column":9},"end":{"line":45,"column":null}}],"line":41},"8":{"loc":{"start":{"line":43,"column":9},"end":{"line":45,"column":null}},"type":"cond-expr","locations":[{"start":{"line":44,"column":10},"end":{"line":44,"column":null}},{"start":{"line":45,"column":10},"end":{"line":45,"column":null}}],"line":43},"9":{"loc":{"start":{"line":52,"column":5},"end":{"line":56,"column":null}},"type":"binary-expr","locations":[{"start":{"line":52,"column":5},"end":{"line":52,"column":null}},{"start":{"line":53,"column":5},"end":{"line":56,"column":null}}],"line":52}},"s":{"0":3,"1":5,"2":5,"3":5,"4":5,"5":5,"6":5,"7":4,"8":5},"f":{"0":5},"b":{"0":[0,5],"1":[0,5],"2":[5,5],"3":[0,5],"4":[5,0],"5":[0,5],"6":[5,5],"7":[0,5],"8":[5,0],"9":[5,0]},"meta":{"lastBranch":10,"lastFunction":1,"lastStatement":7,"seen":{"f:7:16:7:28":0,"s:8:17:8:Infinity":0,"s:10:18:10:Infinity":1,"s:11:19:11:Infinity":2,"s:13:19:13:Infinity":3,"s:14:17:14:Infinity":4,"s:16:28:21:Infinity":5,"b:17:4:20:Infinity:21:4:21:Infinity":0,"s:23:1:80:Infinity":6,"b:29:42:29:49:29:49:29:Infinity":1,"b:29:16:29:29:29:29:29:42":2,"b:32:9:32:Infinity:33:9:35:Infinity":3,"b:34:10:34:Infinity:35:10:35:Infinity":4,"b:39:42:39:49:39:49:39:Infinity":5,"b:39:16:39:29:39:29:39:42":6,"b:42:9:42:Infinity:43:9:45:Infinity":7,"b:44:10:44:Infinity:45:10:45:Infinity":8,"b:52:5:52:Infinity:53:5:56:Infinity":9}}}
,"/Users/swoo/Workspaces/p2p-planning-poker/src/components/Shared/Banner/Banner.styles.ts": {"path":"/Users/swoo/Workspaces/p2p-planning-poker/src/components/Shared/Banner/Banner.styles.ts","statementMap":{"0":{"start":{"line":3,"column":31},"end":{"line":3,"column":null}},"1":{"start":{"line":31,"column":29},"end":{"line":31,"column":null}},"2":{"start":{"line":38,"column":23},"end":{"line":38,"column":null}},"3":{"start":{"line":45,"column":31},"end":{"line":45,"column":null}}},"fnMap":{},"branchMap":{},"s":{"0":2,"1":2,"2":2,"3":2},"f":{},"b":{},"meta":{"lastBranch":0,"lastFunction":0,"lastStatement":4,"seen":{"s:3:31:3:Infinity":0,"s:31:29:31:Infinity":1,"s:38:23:38:Infinity":2,"s:45:31:45:Infinity":3}}}
,"/Users/swoo/Workspaces/p2p-planning-poker/src/components/Shared/Banner/Banner.tsx": {"path":"/Users/swoo/Workspaces/p2p-planning-poker/src/components/Shared/Banner/Banner.tsx","statementMap":{"0":{"start":{"line":26,"column":4},"end":{"line":26,"column":5}},"1":{"start":{"line":6,"column":48},"end":{"line":11,"column":null}},"2":{"start":{"line":12,"column":18},"end":{"line":12,"column":null}},"3":{"start":{"line":14,"column":1},"end":{"line":30,"column":null}}},"fnMap":{"0":{"name":"Banner","decl":{"start":{"line":5,"column":16},"end":{"line":5,"column":23}},"loc":{"start":{"line":5,"column":71},"end":{"line":32,"column":null}},"line":5}},"branchMap":{"0":{"loc":{"start":{"line":5,"column":42},"end":{"line":5,"column":59}},"type":"default-arg","locations":[{"start":{"line":5,"column":52},"end":{"line":5,"column":59}}],"line":5},"1":{"loc":{"start":{"line":29,"column":4},"end":{"line":29,"column":null}},"type":"binary-expr","locations":[{"start":{"line":29,"column":4},"end":{"line":29,"column":14}},{"start":{"line":29,"column":14},"end":{"line":29,"column":null}}],"line":29}},"s":{"0":2,"1":6,"2":6,"3":6},"f":{"0":6},"b":{"0":[6],"1":[6,3]},"meta":{"lastBranch":2,"lastFunction":1,"lastStatement":4,"seen":{"s:26:4:26:5":0,"f:5:16:5:23":0,"b:5:52:5:59":0,"s:6:48:11:Infinity":1,"s:12:18:12:Infinity":2,"s:14:1:30:Infinity":3,"b:29:4:29:14:29:14:29:Infinity":1}}}
,"/Users/swoo/Workspaces/p2p-planning-poker/src/components/Shared/Banner/index.ts": {"path":"/Users/swoo/Workspaces/p2p-planning-poker/src/components/Shared/Banner/index.ts","statementMap":{},"fnMap":{},"branchMap":{},"s":{},"f":{},"b":{},"meta":{"lastBranch":0,"lastFunction":0,"lastStatement":0,"seen":{}}}
,"/Users/swoo/Workspaces/p2p-planning-poker/src/components/Shared/Button/_Button.styles.ts": {"path":"/Users/swoo/Workspaces/p2p-planning-poker/src/components/Shared/Button/_Button.styles.ts","statementMap":{"0":{"start":{"line":5,"column":22},"end":{"line":5,"column":null}},"1":{"start":{"line":124,"column":27},"end":{"line":124,"column":null}}},"fnMap":{},"branchMap":{},"s":{"0":12,"1":12},"f":{},"b":{},"meta":{"lastBranch":0,"lastFunction":0,"lastStatement":2,"seen":{"s:5:22:5:Infinity":0,"s:124:27:124:Infinity":1}}}
,"/Users/swoo/Workspaces/p2p-planning-poker/src/components/Shared/Button/_Button.tsx": {"path":"/Users/swoo/Workspaces/p2p-planning-poker/src/components/Shared/Button/_Button.tsx","statementMap":{"0":{"start":{"line":12,"column":1},"end":{"line":20,"column":null}},"1":{"start":{"line":16,"column":5},"end":{"line":16,"column":6}}},"fnMap":{"0":{"name":"Button","decl":{"start":{"line":5,"column":16},"end":{"line":5,"column":23}},"loc":{"start":{"line":11,"column":12},"end":{"line":22,"column":null}},"line":11}},"branchMap":{"0":{"loc":{"start":{"line":8,"column":1},"end":{"line":8,"column":null}},"type":"default-arg","locations":[{"start":{"line":8,"column":8},"end":{"line":8,"column":null}}],"line":8},"1":{"loc":{"start":{"line":9,"column":1},"end":{"line":9,"column":null}},"type":"default-arg","locations":[{"start":{"line":9,"column":11},"end":{"line":9,"column":null}}],"line":9},"2":{"loc":{"start":{"line":14,"column":4},"end":{"line":17,"column":null}},"type":"binary-expr","locations":[{"start":{"line":14,"column":4},"end":{"line":14,"column":null}},{"start":{"line":15,"column":4},"end":{"line":17,"column":null}}],"line":14}},"s":{"0":84,"1":13},"f":{"0":84},"b":{"0":[84],"1":[84],"2":[84,4]},"meta":{"lastBranch":3,"lastFunction":1,"lastStatement":1,"seen":{"f:5:16:5:23":0,"b:8:8:8:Infinity":0,"b:9:11:9:Infinity":1,"s:12:1:20:Infinity":0,"b:14:4:14:Infinity:15:4:17:Infinity":2}}}
,"/Users/swoo/Workspaces/p2p-planning-poker/src/components/Shared/Button/_Button.types.ts": {"path":"/Users/swoo/Workspaces/p2p-planning-poker/src/components/Shared/Button/_Button.types.ts","statementMap":{},"fnMap":{},"branchMap":{},"s":{},"f":{},"b":{},"meta":{"lastBranch":0,"lastFunction":0,"lastStatement":0,"seen":{}}}
,"/Users/swoo/Workspaces/p2p-planning-poker/src/components/Shared/Button/index.ts": {"path":"/Users/swoo/Workspaces/p2p-planning-poker/src/components/Shared/Button/index.ts","statementMap":{},"fnMap":{},"branchMap":{},"s":{},"f":{},"b":{},"meta":{"lastBranch":0,"lastFunction":0,"lastStatement":0,"seen":{}}}
,"/Users/swoo/Workspaces/p2p-planning-poker/src/components/Shared/Card/_Card.styles.ts": {"path":"/Users/swoo/Workspaces/p2p-planning-poker/src/components/Shared/Card/_Card.styles.ts","statementMap":{"0":{"start":{"line":3,"column":20},"end":{"line":3,"column":null}}},"fnMap":{},"branchMap":{},"s":{"0":3},"f":{},"b":{},"meta":{"lastBranch":0,"lastFunction":0,"lastStatement":1,"seen":{"s:3:20:3:Infinity":0}}}
,"/Users/swoo/Workspaces/p2p-planning-poker/src/components/Shared/Card/_Card.tsx": {"path":"/Users/swoo/Workspaces/p2p-planning-poker/src/components/Shared/Card/_Card.tsx","statementMap":{"0":{"start":{"line":13,"column":11},"end":{"line":13,"column":null}},"1":{"start":{"line":16,"column":2},"end":{"line":22,"column":null}},"2":{"start":{"line":24,"column":1},"end":{"line":45,"column":null}},"3":{"start":{"line":39,"column":4},"end":{"line":39,"column":5}},"4":{"start":{"line":13,"column":15},"end":{"line":13,"column":null}}},"fnMap":{"0":{"name":"Card","decl":{"start":{"line":7,"column":16},"end":{"line":7,"column":21}},"loc":{"start":{"line":12,"column":10},"end":{"line":47,"column":null}},"line":12}},"branchMap":{"0":{"loc":{"start":{"line":8,"column":1},"end":{"line":8,"column":null}},"type":"default-arg","locations":[{"start":{"line":8,"column":12},"end":{"line":8,"column":null}}],"line":8},"1":{"loc":{"start":{"line":9,"column":1},"end":{"line":9,"column":null}},"type":"default-arg","locations":[{"start":{"line":9,"column":14},"end":{"line":9,"column":null}}],"line":9},"2":{"loc":{"start":{"line":16,"column":2},"end":{"line":22,"column":null}},"type":"cond-expr","locations":[{"start":{"line":17,"column":5},"end":{"line":17,"column":null}},{"start":{"line":18,"column":5},"end":{"line":22,"column":null}}],"line":16},"3":{"loc":{"start":{"line":18,"column":5},"end":{"line":22,"column":null}},"type":"cond-expr","locations":[{"start":{"line":19,"column":6},"end":{"line":19,"column":null}},{"start":{"line":20,"column":6},"end":{"line":22,"column":null}}],"line":18},"4":{"loc":{"start":{"line":20,"column":6},"end":{"line":22,"column":null}},"type":"cond-expr","locations":[{"start":{"line":21,"column":7},"end":{"line":21,"column":null}},{"start":{"line":22,"column":7},"end":{"line":22,"column":null}}],"line":20},"5":{"loc":{"start":{"line":31,"column":4},"end":{"line":33,"column":null}},"type":"cond-expr","locations":[{"start":{"line":32,"column":7},"end":{"line":32,"column":null}},{"start":{"line":33,"column":7},"end":{"line":33,"column":null}}],"line":31},"6":{"loc":{"start":{"line":38,"column":4},"end":{"line":43,"column":null}},"type":"cond-expr","locations":[{"start":{"line":39,"column":4},"end":{"line":39,"column":null}},{"start":{"line":40,"column":7},"end":{"line":43,"column":null}}],"line":38},"7":{"loc":{"start":{"line":40,"column":7},"end":{"line":43,"column":null}},"type":"cond-expr","locations":[{"start":{"line":41,"column":4},"end":{"line":41,"column":null}},{"start":{"line":43,"column":4},"end":{"line":43,"column":null}}],"line":40}},"s":{"0":6,"1":56,"2":56,"3":8,"4":56},"f":{"0":56},"b":{"0":[56],"1":[56],"2":[4,52],"3":[4,48],"4":[4,44],"5":[4,52],"6":[4,52],"7":[4,48]},"meta":{"lastBranch":8,"lastFunction":1,"lastStatement":3,"seen":{"f:7:16:7:21":0,"b:8:12:8:Infinity":0,"b:9:14:9:Infinity":1,"s:13:11:13:Infinity":0,"s:16:2:22:Infinity":1,"b:17:5:17:Infinity:18:5:22:Infinity":2,"b:19:6:19:Infinity:20:6:22:Infinity":3,"b:21:7:21:Infinity:22:7:22:Infinity":4,"s:24:1:45:Infinity":2,"b:32:7:32:Infinity:33:7:33:Infinity":5,"b:39:4:39:Infinity:40:7:43:Infinity":6,"b:41:4:41:Infinity:43:4:43:Infinity":7}}}
,"/Users/swoo/Workspaces/p2p-planning-poker/src/components/Shared/Card/index.ts": {"path":"/Users/swoo/Workspaces/p2p-planning-poker/src/components/Shared/Card/index.ts","statementMap":{},"fnMap":{},"branchMap":{},"s":{},"f":{},"b":{},"meta":{"lastBranch":0,"lastFunction":0,"lastStatement":0,"seen":{}}}
,"/Users/swoo/Workspaces/p2p-planning-poker/src/components/Shared/CollapsibleListbox/_CollapsibleListbox.styles.ts": {"path":"/Users/swoo/Workspaces/p2p-planning-poker/src/components/Shared/CollapsibleListbox/_CollapsibleListbox.styles.ts","statementMap":{"0":{"start":{"line":3,"column":29},"end":{"line":3,"column":null}},"1":{"start":{"line":9,"column":24},"end":{"line":15,"column":null}},"2":{"start":{"line":15,"column":2},"end":{"line":15,"column":62}}},"fnMap":{"0":{"name":"(anonymous_0)","decl":{"start":{"line":14,"column":15},"end":{"line":14,"column":16}},"loc":{"start":{"line":15,"column":2},"end":{"line":15,"column":62}},"line":15}},"branchMap":{"0":{"loc":{"start":{"line":15,"column":2},"end":{"line":15,"column":62}},"type":"cond-expr","locations":[{"start":{"line":15,"column":25},"end":{"line":15,"column":49}},{"start":{"line":15,"column":49},"end":{"line":15,"column":62}}],"line":15}},"s":{"0":3,"1":3,"2":23},"f":{"0":23},"b":{"0":[7,16]},"meta":{"lastBranch":1,"lastFunction":1,"lastStatement":3,"seen":{"s:3:29:3:Infinity":0,"s:9:24:15:Infinity":1,"f:14:15:14:16":0,"s:15:2:15:62":2,"b:15:25:15:49:15:49:15:62":0}}}
,"/Users/swoo/Workspaces/p2p-planning-poker/src/components/Shared/CollapsibleListbox/_CollapsibleListbox.tsx": {"path":"/Users/swoo/Workspaces/p2p-planning-poker/src/components/Shared/CollapsibleListbox/_CollapsibleListbox.tsx","statementMap":{"0":{"start":{"line":30,"column":4},"end":{"line":30,"column":5}},"1":{"start":{"line":1,"column":33},"end":{"line":1,"column":null}},"2":{"start":{"line":20,"column":29},"end":{"line":20,"column":null}},"3":{"start":{"line":21,"column":17},"end":{"line":21,"column":null}},"4":{"start":{"line":22,"column":1},"end":{"line":22,"column":null}},"5":{"start":{"line":25,"column":2},"end":{"line":25,"column":null}},"6":{"start":{"line":25,"column":24},"end":{"line":25,"column":43}},"7":{"start":{"line":27,"column":1},"end":{"line":87,"column":null}},"8":{"start":{"line":56,"column":22},"end":{"line":56,"column":null}},"9":{"start":{"line":57,"column":5},"end":{"line":83,"column":null}},"10":{"start":{"line":65,"column":22},"end":{"line":65,"column":null}}},"fnMap":{"0":{"name":"CollapsibleListbox","decl":{"start":{"line":11,"column":16},"end":{"line":11,"column":53}},"loc":{"start":{"line":19,"column":27},"end":{"line":89,"column":null}},"line":19},"1":{"name":"(anonymous_1)","decl":{"start":{"line":25,"column":15},"end":{"line":25,"column":16}},"loc":{"start":{"line":25,"column":24},"end":{"line":25,"column":43}},"line":25},"2":{"name":"(anonymous_2)","decl":{"start":{"line":55,"column":17},"end":{"line":55,"column":18}},"loc":{"start":{"line":55,"column":29},"end":{"line":85,"column":5}},"line":55},"3":{"name":"(anonymous_3)","decl":{"start":{"line":65,"column":16},"end":{"line":65,"column":22}},"loc":{"start":{"line":65,"column":22},"end":{"line":65,"column":null}},"line":65}},"branchMap":{"0":{"loc":{"start":{"line":17,"column":1},"end":{"line":17,"column":null}},"type":"default-arg","locations":[{"start":{"line":17,"column":13},"end":{"line":17,"column":null}}],"line":17},"1":{"loc":{"start":{"line":18,"column":1},"end":{"line":18,"column":null}},"type":"default-arg","locations":[{"start":{"line":18,"column":11},"end":{"line":18,"column":null}}],"line":18},"2":{"loc":{"start":{"line":25,"column":2},"end":{"line":25,"column":null}},"type":"binary-expr","locations":[{"start":{"line":25,"column":2},"end":{"line":25,"column":48}},{"start":{"line":25,"column":48},"end":{"line":25,"column":null}}],"line":25},"3":{"loc":{"start":{"line":29,"column":4},"end":{"line":48,"column":null}},"type":"cond-expr","locations":[{"start":{"line":30,"column":4},"end":{"line":39,"column":null}},{"start":{"line":41,"column":4},"end":{"line":48,"column":null}}],"line":29},"4":{"loc":{"start":{"line":47,"column":11},"end":{"line":47,"column":null}},"type":"binary-expr","locations":[{"start":{"line":47,"column":11},"end":{"line":47,"column":32}},{"start":{"line":47,"column":32},"end":{"line":47,"column":null}}],"line":47},"5":{"loc":{"start":{"line":68,"column":9},"end":{"line":74,"column":null}},"type":"binary-expr","locations":[{"start":{"line":68,"column":9},"end":{"line":68,"column":null}},{"start":{"line":69,"column":9},"end":{"line":74,"column":null}}],"line":68},"6":{"loc":{"start":{"line":78,"column":8},"end":{"line":81,"column":null}},"type":"binary-expr","locations":[{"start":{"line":78,"column":8},"end":{"line":78,"column":null}},{"start":{"line":79,"column":8},"end":{"line":81,"column":null}}],"line":78}},"s":{"0":3,"1":3,"2":7,"3":7,"4":7,"5":7,"6":13,"7":7,"8":23,"9":23,"10":0},"f":{"0":7,"1":13,"2":23,"3":0},"b":{"0":[7],"1":[7],"2":[7,0],"3":[2,5],"4":[5,1],"5":[23,17],"6":[23,7]},"meta":{"lastBranch":7,"lastFunction":4,"lastStatement":11,"seen":{"s:30:4:30:5":0,"s:1:33:1:Infinity":1,"f:11:16:11:53":0,"b:17:13:17:Infinity":0,"b:18:11:18:Infinity":1,"s:20:29:20:Infinity":2,"s:21:17:21:Infinity":3,"s:22:1:22:Infinity":4,"s:25:2:25:Infinity":5,"b:25:2:25:48:25:48:25:Infinity":2,"f:25:15:25:16":1,"s:25:24:25:43":6,"s:27:1:87:Infinity":7,"b:30:4:39:Infinity:41:4:48:Infinity":3,"b:47:11:47:32:47:32:47:Infinity":4,"f:55:17:55:18":2,"s:56:22:56:Infinity":8,"s:57:5:83:Infinity":9,"f:65:16:65:22":3,"s:65:22:65:Infinity":10,"b:68:9:68:Infinity:69:9:74:Infinity":5,"b:78:8:78:Infinity:79:8:81:Infinity":6}}}
,"/Users/swoo/Workspaces/p2p-planning-poker/src/components/Shared/CollapsibleListbox/_CollapsibleListbox.types.ts": {"path":"/Users/swoo/Workspaces/p2p-planning-poker/src/components/Shared/CollapsibleListbox/_CollapsibleListbox.types.ts","statementMap":{},"fnMap":{},"branchMap":{},"s":{},"f":{},"b":{},"meta":{"lastBranch":0,"lastFunction":0,"lastStatement":0,"seen":{}}}
,"/Users/swoo/Workspaces/p2p-planning-poker/src/components/Shared/CollapsibleListbox/index.ts": {"path":"/Users/swoo/Workspaces/p2p-planning-poker/src/components/Shared/CollapsibleListbox/index.ts","statementMap":{},"fnMap":{},"branchMap":{},"s":{},"f":{},"b":{},"meta":{"lastBranch":0,"lastFunction":0,"lastStatement":0,"seen":{}}}
,"/Users/swoo/Workspaces/p2p-planning-poker/src/components/Shared/Dialog/_Dialog.styles.ts": {"path":"/Users/swoo/Workspaces/p2p-planning-poker/src/components/Shared/Dialog/_Dialog.styles.ts","statementMap":{"0":{"start":{"line":5,"column":22},"end":{"line":5,"column":null}},"1":{"start":{"line":10,"column":23},"end":{"line":10,"column":null}},"2":{"start":{"line":15,"column":26},"end":{"line":32,"column":null}},"3":{"start":{"line":40,"column":31},"end":{"line":40,"column":null}},"4":{"start":{"line":51,"column":28},"end":{"line":51,"column":null}},"5":{"start":{"line":60,"column":27},"end":{"line":60,"column":null}},"6":{"start":{"line":67,"column":27},"end":{"line":67,"column":null}},"7":{"start":{"line":103,"column":29},"end":{"line":103,"column":null}},"8":{"start":{"line":110,"column":28},"end":{"line":110,"column":null}}},"fnMap":{},"branchMap":{},"s":{"0":2,"1":2,"2":2,"3":2,"4":2,"5":2,"6":2,"7":2,"8":2},"f":{},"b":{},"meta":{"lastBranch":0,"lastFunction":0,"lastStatement":9,"seen":{"s:5:22:5:Infinity":0,"s:10:23:10:Infinity":1,"s:15:26:32:Infinity":2,"s:40:31:40:Infinity":3,"s:51:28:51:Infinity":4,"s:60:27:60:Infinity":5,"s:67:27:67:Infinity":6,"s:103:29:103:Infinity":7,"s:110:28:110:Infinity":8}}}
,"/Users/swoo/Workspaces/p2p-planning-poker/src/components/Shared/Dialog/_Dialog.tsx": {"path":"/Users/swoo/Workspaces/p2p-planning-poker/src/components/Shared/Dialog/_Dialog.tsx","statementMap":{"0":{"start":{"line":50,"column":5},"end":{"line":50,"column":6}},"1":{"start":{"line":1,"column":51},"end":{"line":1,"column":null}},"2":{"start":{"line":20,"column":19},"end":{"line":20,"column":null}},"3":{"start":{"line":22,"column":1},"end":{"line":31,"column":null}},"4":{"start":{"line":23,"column":17},"end":{"line":23,"column":null}},"5":{"start":{"line":24,"column":2},"end":{"line":24,"column":null}},"6":{"start":{"line":24,"column":15},"end":{"line":24,"column":null}},"7":{"start":{"line":26,"column":2},"end":{"line":30,"column":null}},"8":{"start":{"line":27,"column":3},"end":{"line":27,"column":null}},"9":{"start":{"line":29,"column":3},"end":{"line":29,"column":null}},"10":{"start":{"line":33,"column":29},"end":{"line":37,"column":null}},"11":{"start":{"line":34,"column":2},"end":{"line":36,"column":null}},"12":{"start":{"line":35,"column":3},"end":{"line":35,"column":null}},"13":{"start":{"line":39,"column":1},"end":{"line":77,"column":null}},"14":{"start":{"line":48,"column":38},"end":{"line":48,"column":null}}},"fnMap":{"0":{"name":"Dialog","decl":{"start":{"line":8,"column":16},"end":{"line":8,"column":23}},"loc":{"start":{"line":18,"column":12},"end":{"line":79,"column":null}},"line":18},"1":{"name":"(anonymous_1)","decl":{"start":{"line":22,"column":11},"end":{"line":22,"column":17}},"loc":{"start":{"line":22,"column":17},"end":{"line":31,"column":4}},"line":22},"2":{"name":"(anonymous_2)","decl":{"start":{"line":33,"column":29},"end":{"line":33,"column":30}},"loc":{"start":{"line":33,"column":67},"end":{"line":37,"column":null}},"line":33},"3":{"name":"(anonymous_3)","decl":{"start":{"line":48,"column":31},"end":{"line":48,"column":32}},"loc":{"start":{"line":48,"column":38},"end":{"line":48,"column":null}},"line":48}},"branchMap":{"0":{"loc":{"start":{"line":24,"column":2},"end":{"line":24,"column":null}},"type":"if","locations":[{"start":{"line":24,"column":2},"end":{"line":24,"column":null}},{"start":{},"end":{}}],"line":24},"1":{"loc":{"start":{"line":26,"column":2},"end":{"line":30,"column":null}},"type":"if","locations":[{"start":{"line":26,"column":2},"end":{"line":30,"column":null}},{"start":{"line":28,"column":9},"end":{"line":30,"column":null}}],"line":26},"2":{"loc":{"start":{"line":34,"column":2},"end":{"line":36,"column":null}},"type":"if","locations":[{"start":{"line":34,"column":2},"end":{"line":36,"column":null}},{"start":{},"end":{}}],"line":34},"3":{"loc":{"start":{"line":60,"column":6},"end":{"line":60,"column":null}},"type":"binary-expr","locations":[{"start":{"line":60,"column":6},"end":{"line":60,"column":17}},{"start":{"line":60,"column":17},"end":{"line":60,"column":null}}],"line":60},"4":{"loc":{"start":{"line":65,"column":6},"end":{"line":68,"column":null}},"type":"binary-expr","locations":[{"start":{"line":65,"column":6},"end":{"line":65,"column":18}},{"start":{"line":65,"column":18},"end":{"line":65,"column":null}},{"start":{"line":66,"column":6},"end":{"line":68,"column":null}}],"line":65},"5":{"loc":{"start":{"line":70,"column":6},"end":{"line":73,"column":null}},"type":"binary-expr","locations":[{"start":{"line":70,"column":6},"end":{"line":70,"column":19}},{"start":{"line":70,"column":19},"end":{"line":70,"column":null}},{"start":{"line":71,"column":6},"end":{"line":73,"column":null}}],"line":70}},"s":{"0":2,"1":2,"2":26,"3":26,"4":14,"5":14,"6":0,"7":14,"8":2,"9":12,"10":26,"11":0,"12":0,"13":26,"14":0},"f":{"0":26,"1":14,"2":0,"3":0},"b":{"0":[0,14],"1":[2,12],"2":[0,0],"3":[26,10],"4":[26,26,26],"5":[26,18,18]},"meta":{"lastBranch":6,"lastFunction":4,"lastStatement":15,"seen":{"s:50:5:50:6":0,"s:1:51:1:Infinity":1,"f:8:16:8:23":0,"s:20:19:20:Infinity":2,"s:22:1:31:Infinity":3,"f:22:11:22:17":1,"s:23:17:23:Infinity":4,"b:24:2:24:Infinity:undefined:undefined:undefined:undefined":0,"s:24:2:24:Infinity":5,"s:24:15:24:Infinity":6,"b:26:2:30:Infinity:28:9:30:Infinity":1,"s:26:2:30:Infinity":7,"s:27:3:27:Infinity":8,"s:29:3:29:Infinity":9,"s:33:29:37:Infinity":10,"f:33:29:33:30":2,"b:34:2:36:Infinity:undefined:undefined:undefined:undefined":2,"s:34:2:36:Infinity":11,"s:35:3:35:Infinity":12,"s:39:1:77:Infinity":13,"f:48:31:48:32":3,"s:48:38:48:Infinity":14,"b:60:6:60:17:60:17:60:Infinity":3,"b:65:6:65:18:65:18:65:Infinity:66:6:68:Infinity":4,"b:70:6:70:19:70:19:70:Infinity:71:6:73:Infinity":5}}}
,"/Users/swoo/Workspaces/p2p-planning-poker/src/components/Shared/Dialog/index.ts": {"path":"/Users/swoo/Workspaces/p2p-planning-poker/src/components/Shared/Dialog/index.ts","statementMap":{},"fnMap":{},"branchMap":{},"s":{},"f":{},"b":{},"meta":{"lastBranch":0,"lastFunction":0,"lastStatement":0,"seen":{}}}
,"/Users/swoo/Workspaces/p2p-planning-poker/src/components/Shared/Divider/_Divider.styles.ts": {"path":"/Users/swoo/Workspaces/p2p-planning-poker/src/components/Shared/Divider/_Divider.styles.ts","statementMap":{"0":{"start":{"line":5,"column":26},"end":{"line":5,"column":null}},"1":{"start":{"line":7,"column":29},"end":{"line":38,"column":null}},"2":{"start":{"line":25,"column":2},"end":{"line":26,"column":null}},"3":{"start":{"line":33,"column":2},"end":{"line":35,"column":null}}},"fnMap":{"0":{"name":"(anonymous_0)","decl":{"start":{"line":24,"column":3},"end":{"line":24,"column":4}},"loc":{"start":{"line":25,"column":2},"end":{"line":26,"column":null}},"line":25},"1":{"name":"(anonymous_1)","decl":{"start":{"line":32,"column":3},"end":{"line":32,"column":4}},"loc":{"start":{"line":33,"column":2},"end":{"line":35,"column":null}},"line":33}},"branchMap":{"0":{"loc":{"start":{"line":25,"column":2},"end":{"line":26,"column":null}},"type":"binary-expr","locations":[{"start":{"line":25,"column":2},"end":{"line":25,"column":null}},{"start":{"line":26,"column":2},"end":{"line":26,"column":null}}],"line":25},"1":{"loc":{"start":{"line":33,"column":2},"end":{"line":35,"column":null}},"type":"binary-expr","locations":[{"start":{"line":33,"column":2},"end":{"line":33,"column":null}},{"start":{"line":34,"column":2},"end":{"line":35,"column":null}}],"line":33}},"s":{"0":1,"1":1,"2":4,"3":4},"f":{"0":4,"1":4},"b":{"0":[4,2],"1":[4,2]},"meta":{"lastBranch":2,"lastFunction":2,"lastStatement":4,"seen":{"s:5:26:5:Infinity":0,"s:7:29:38:Infinity":1,"f:24:3:24:4":0,"s:25:2:26:Infinity":2,"b:25:2:25:Infinity:26:2:26:Infinity":0,"f:32:3:32:4":1,"s:33:2:35:Infinity":3,"b:33:2:33:Infinity:34:2:35:Infinity":1}}}
,"/Users/swoo/Workspaces/p2p-planning-poker/src/components/Shared/Divider/_Divider.tsx": {"path":"/Users/swoo/Workspaces/p2p-planning-poker/src/components/Shared/Divider/_Divider.tsx","statementMap":{"0":{"start":{"line":6,"column":2},"end":{"line":6,"column":3}},"1":{"start":{"line":5,"column":1},"end":{"line":6,"column":null}}},"fnMap":{"0":{"name":"Divider","decl":{"start":{"line":4,"column":16},"end":{"line":4,"column":24}},"loc":{"start":{"line":4,"column":71},"end":{"line":8,"column":null}},"line":4}},"branchMap":{"0":{"loc":{"start":{"line":4,"column":36},"end":{"line":4,"column":58}},"type":"default-arg","locations":[{"start":{"line":4,"column":52},"end":{"line":4,"column":58}}],"line":4}},"s":{"0":1,"1":4},"f":{"0":4},"b":{"0":[4]},"meta":{"lastBranch":1,"lastFunction":1,"lastStatement":2,"seen":{"s:6:2:6:3":0,"f:4:16:4:24":0,"b:4:52:4:58":0,"s:5:1:6:Infinity":1}}}
[...]
line":60,"column":null}}],"line":42},"7":{"loc":{"start":{"line":44,"column":3},"end":{"line":46,"column":null}},"type":"binary-expr","locations":[{"start":{"line":44,"column":3},"end":{"line":44,"column":null}},{"start":{"line":45,"column":3},"end":{"line":45,"column":null}},{"start":{"line":46,"column":3},"end":{"line":46,"column":null}}],"line":44},"8":{"loc":{"start":{"line":48,"column":15},"end":{"line":60,"column":null}},"type":"if","locations":[{"start":{"line":48,"column":15},"end":{"line":60,"column":null}},{"start":{"line":54,"column":15},"end":{"line":60,"column":null}}],"line":48},"9":{"loc":{"start":{"line":50,"column":3},"end":{"line":52,"column":null}},"type":"binary-expr","locations":[{"start":{"line":50,"column":3},"end":{"line":50,"column":null}},{"start":{"line":51,"column":3},"end":{"line":51,"column":null}},{"start":{"line":52,"column":3},"end":{"line":52,"column":null}}],"line":50},"10":{"loc":{"start":{"line":54,"column":15},"end":{"line":60,"column":null}},"type":"if","locations":[{"start":{"line":54,"column":15},"end":{"line":60,"column":null}},{"start":{},"end":{}}],"line":54},"11":{"loc":{"start":{"line":56,"column":3},"end":{"line":58,"column":null}},"type":"binary-expr","locations":[{"start":{"line":56,"column":3},"end":{"line":56,"column":null}},{"start":{"line":57,"column":3},"end":{"line":57,"column":null}},{"start":{"line":58,"column":3},"end":{"line":58,"column":null}}],"line":56},"12":{"loc":{"start":{"line":65,"column":2},"end":{"line":94,"column":null}},"type":"switch","locations":[{"start":{"line":66,"column":3},"end":{"line":72,"column":null}},{"start":{"line":73,"column":3},"end":{"line":79,"column":null}},{"start":{"line":80,"column":3},"end":{"line":86,"column":null}},{"start":{"line":87,"column":3},"end":{"line":93,"column":null}}],"line":65},"13":{"loc":{"start":{"line":98,"column":2},"end":{"line":98,"column":null}},"type":"if","locations":[{"start":{"line":98,"column":2},"end":{"line":98,"column":null}},{"start":{},"end":{}}],"line":98},"14":{"loc":{"start":{"line":99,"column":2},"end":{"line":100,"column":null}},"type":"if","locations":[{"start":{"line":99,"column":2},"end":{"line":100,"column":null}},{"start":{},"end":{}}],"line":99},"15":{"loc":{"start":{"line":101,"column":2},"end":{"line":101,"column":null}},"type":"if","locations":[{"start":{"line":101,"column":2},"end":{"line":101,"column":null}},{"start":{},"end":{}}],"line":101},"16":{"loc":{"start":{"line":102,"column":2},"end":{"line":103,"column":null}},"type":"if","locations":[{"start":{"line":102,"column":2},"end":{"line":103,"column":null}},{"start":{},"end":{}}],"line":102}},"s":{"0":5,"1":14,"2":0,"3":0,"4":0,"5":0,"6":0,"7":0,"8":0,"9":0,"10":0,"11":0,"12":0,"13":0,"14":0,"15":0,"16":0,"17":0,"18":0,"19":0,"20":0,"21":0,"22":0,"23":0,"24":0,"25":0,"26":0,"27":0,"28":0,"29":0,"30":0,"31":0,"32":0,"33":0,"34":0,"35":0,"36":0,"37":0,"38":0,"39":0,"40":0,"41":0,"42":0,"43":0,"44":0,"45":0,"46":0,"47":0,"48":0,"49":14},"f":{"0":14,"1":0},"b":{"0":[14],"1":[14],"2":[0,0],"3":[0,0],"4":[0,0],"5":[0,0,0],"6":[0,0],"7":[0,0,0],"8":[0,0],"9":[0,0,0],"10":[0,0],"11":[0,0,0],"12":[0,0,0,0],"13":[0,0],"14":[0,0],"15":[0,0],"16":[0,0]},"meta":{"lastBranch":17,"lastFunction":2,"lastStatement":50,"seen":{"s:1:44:1:Infinity":0,"f:16:16:16:36":0,"b:17:7:17:Infinity":0,"b:19:12:19:Infinity":1,"s:22:24:107:Infinity":1,"f:22:36:22:42":1,"b:23:2:23:Infinity:undefined:undefined:undefined:undefined":2,"s:23:2:23:Infinity":2,"b:23:6:23:29:23:29:23:50":3,"s:23:50:23:Infinity":3,"s:24:22:24:Infinity":4,"s:25:22:25:Infinity":5,"s:27:13:27:Infinity":6,"s:28:13:28:Infinity":7,"s:31:19:31:Infinity":8,"s:32:22:32:Infinity":9,"s:33:20:33:Infinity":10,"s:34:21:34:Infinity":11,"s:36:18:36:Infinity":12,"s:37:18:37:Infinity":13,"s:40:18:40:Infinity":14,"b:41:2:60:Infinity:42:15:60:Infinity":4,"s:41:2:60:Infinity":15,"b:41:6:41:29:41:29:41:51:41:51:41:Infinity":5,"s:42:3:42:Infinity":16,"b:42:15:60:Infinity:48:15:60:Infinity":6,"s:42:15:60:Infinity":17,"b:44:3:44:Infinity:45:3:45:Infinity:46:3:46:Infinity":7,"s:48:3:48:Infinity":18,"b:48:15:60:Infinity:54:15:60:Infinity":8,"s:48:15:60:Infinity":19,"b:50:3:50:Infinity:51:3:51:Infinity:52:3:52:Infinity":9,"s:54:3:54:Infinity":20,"b:54:15:60:Infinity:undefined:undefined:undefined:undefined":10,"s:54:15:60:Infinity":21,"b:56:3:56:Infinity:57:3:57:Infinity:58:3:58:Infinity":11,"s:60:3:60:Infinity":22,"s:62:17:62:Infinity":23,"s:63:18:63:Infinity":24,"b:66:3:72:Infinity:73:3:79:Infinity:80:3:86:Infinity:87:3:93:Infinity":12,"s:65:2:94:Infinity":25,"s:67:4:67:Infinity":26,"s:68:4:71:Infinity":27,"s:72:4:72:Infinity":28,"s:74:4:74:Infinity":29,"s:75:4:78:Infinity":30,"s:79:4:79:Infinity":31,"s:81:4:84:Infinity":32,"s:85:4:85:Infinity":33,"s:86:4:86:Infinity":34,"s:88:4:91:Infinity":35,"s:92:4:92:Infinity":36,"s:93:4:93:Infinity":37,"s:97:18:97:Infinity":38,"b:98:2:98:Infinity:undefined:undefined:undefined:undefined":13,"s:98:2:98:Infinity":39,"s:98:27:98:Infinity":40,"b:99:2:100:Infinity:undefined:undefined:undefined:undefined":14,"s:99:2:100:Infinity":41,"s:100:3:100:Infinity":42,"b:101:2:101:Infinity:undefined:undefined:undefined:undefined":15,"s:101:2:101:Infinity":43,"s:101:26:101:Infinity":44,"b:102:2:103:Infinity:undefined:undefined:undefined:undefined":16,"s:102:2:103:Infinity":45,"s:103:3:103:Infinity":46,"s:105:2:105:Infinity":47,"s:106:2:106:Infinity":48,"s:109:1:109:Infinity":49}}}
,"/Users/swoo/Workspaces/p2p-planning-poker/src/hooks/useMenuNavigation.ts": {"path":"/Users/swoo/Workspaces/p2p-planning-poker/src/hooks/useMenuNavigation.ts","statementMap":{"0":{"start":{"line":1,"column":42},"end":{"line":1,"column":null}},"1":{"start":{"line":8,"column":1},"end":{"line":93,"column":null}},"2":{"start":{"line":9,"column":20},"end":{"line":9,"column":null}},"3":{"start":{"line":10,"column":2},"end":{"line":10,"column":null}},"4":{"start":{"line":10,"column":18},"end":{"line":10,"column":null}},"5":{"start":{"line":12,"column":25},"end":{"line":12,"column":null}},"6":{"start":{"line":13,"column":2},"end":{"line":13,"column":null}},"7":{"start":{"line":13,"column":23},"end":{"line":13,"column":null}},"8":{"start":{"line":15,"column":23},"end":{"line":42,"column":null}},"9":{"start":{"line":16,"column":23},"end":{"line":16,"column":null}},"10":{"start":{"line":17,"column":3},"end":{"line":41,"column":null}},"11":{"start":{"line":19,"column":18},"end":{"line":23,"column":null}},"12":{"start":{"line":24,"column":4},"end":{"line":40,"column":null}},"13":{"start":{"line":26,"column":6},"end":{"line":34,"column":null}},"14":{"start":{"line":28,"column":9},"end":{"line":33,"column":null}},"15":{"start":{"line":37,"column":5},"end":{"line":39,"column":null}},"16":{"start":{"line":38,"column":6},"end":{"line":38,"column":null}},"17":{"start":{"line":44,"column":24},"end":{"line":84,"column":null}},"18":{"start":{"line":45,"column":24},"end":{"line":45,"column":null}},"19":{"start":{"line":46,"column":21},"end":{"line":50,"column":null}},"20":{"start":{"line":52,"column":3},"end":{"line":52,"column":null}},"21":{"start":{"line":52,"column":42},"end":{"line":52,"column":null}},"22":{"start":{"line":54,"column":24},"end":{"line":54,"column":null}},"23":{"start":{"line":56,"column":3},"end":{"line":83,"column":null}},"24":{"start":{"line":58,"column":5},"end":{"line":58,"column":null}},"25":{"start":{"line":59,"column":5},"end":{"line":59,"column":null}},"26":{"start":{"line":60,"column":5},"end":{"line":60,"column":null}},"27":{"start":{"line":62,"column":5},"end":{"line":62,"column":null}},"28":{"start":{"line":63,"column":5},"end":{"line":65,"column":null}},"29":{"start":{"line":66,"column":5},"end":{"line":66,"column":null}},"30":{"start":{"line":68,"column":5},"end":{"line":68,"column":null}},"31":{"start":{"line":69,"column":5},"end":{"line":69,"column":null}},"32":{"start":{"line":70,"column":5},"end":{"line":70,"column":null}},"33":{"start":{"line":72,"column":5},"end":{"line":72,"column":null}},"34":{"start":{"line":73,"column":5},"end":{"line":73,"column":null}},"35":{"start":{"line":74,"column":5},"end":{"line":74,"column":null}},"36":{"start":{"line":77,"column":5},"end":{"line":77,"column":null}},"37":{"start":{"line":78,"column":5},"end":{"line":78,"column":null}},"38":{"start":{"line":82,"column":5},"end":{"line":82,"column":null}},"39":{"start":{"line":86,"column":2},"end":{"line":86,"column":null}},"40":{"start":{"line":87,"column":2},"end":{"line":87,"column":null}},"41":{"start":{"line":89,"column":2},"end":{"line":92,"column":null}},"42":{"start":{"line":90,"column":3},"end":{"line":90,"column":null}},"43":{"start":{"line":91,"column":3},"end":{"line":91,"column":null}}},"fnMap":{"0":{"name":"useMenuNavigation","decl":{"start":{"line":7,"column":16},"end":{"line":7,"column":34}},"loc":{"start":{"line":7,"column":79},"end":{"line":94,"column":null}},"line":7},"1":{"name":"(anonymous_1)","decl":{"start":{"line":8,"column":11},"end":{"line":8,"column":17}},"loc":{"start":{"line":8,"column":17},"end":{"line":93,"column":4}},"line":8},"2":{"name":"(anonymous_2)","decl":{"start":{"line":15,"column":23},"end":{"line":15,"column":24}},"loc":{"start":{"line":15,"column":37},"end":{"line":42,"column":null}},"line":15},"3":{"name":"(anonymous_3)","decl":{"start":{"line":27,"column":7},"end":{"line":27,"column":8}},"loc":{"start":{"line":28,"column":9},"end":{"line":33,"column":null}},"line":28},"4":{"name":"(anonymous_4)","decl":{"start":{"line":37,"column":16},"end":{"line":37,"column":22}},"loc":{"start":{"line":37,"column":22},"end":{"line":39,"column":8}},"line":37},"5":{"name":"(anonymous_5)","decl":{"start":{"line":44,"column":24},"end":{"line":44,"column":25}},"loc":{"start":{"line":44,"column":46},"end":{"line":84,"column":null}},"line":44},"6":{"name":"(anonymous_6)","decl":{"start":{"line":89,"column":9},"end":{"line":89,"column":15}},"loc":{"start":{"line":89,"column":15},"end":{"line":92,"column":null}},"line":89}},"branchMap":{"0":{"loc":{"start":{"line":10,"column":2},"end":{"line":10,"column":null}},"type":"if","locations":[{"start":{"line":10,"column":2},"end":{"line":10,"column":null}},{"start":{},"end":{}}],"line":10},"1":{"loc":{"start":{"line":13,"column":2},"end":{"line":13,"column":null}},"type":"if","locations":[{"start":{"line":13,"column":2},"end":{"line":13,"column":null}},{"start":{},"end":{}}],"line":13},"2":{"loc":{"start":{"line":17,"column":3},"end":{"line":41,"column":null}},"type":"if","locations":[{"start":{"line":17,"column":3},"end":{"line":41,"column":null}},{"start":{},"end":{}}],"line":17},"3":{"loc":{"start":{"line":24,"column":4},"end":{"line":40,"column":null}},"type":"if","locations":[{"start":{"line":24,"column":4},"end":{"line":40,"column":null}},{"start":{},"end":{}}],"line":24},"4":{"loc":{"start":{"line":26,"column":6},"end":{"line":34,"column":null}},"type":"binary-expr","locations":[{"start":{"line":26,"column":6},"end":{"line":34,"column":11}},{"start":{"line":34,"column":11},"end":{"line":34,"column":null}}],"line":26},"5":{"loc":{"start":{"line":28,"column":9},"end":{"line":33,"column":null}},"type":"binary-expr","locations":[{"start":{"line":28,"column":9},"end":{"line":28,"column":null}},{"start":{"line":29,"column":9},"end":{"line":30,"column":null}},{"start":{"line":31,"column":9},"end":{"line":31,"column":null}},{"start":{"line":32,"column":9},"end":{"line":33,"column":null}}],"line":28},"6":{"loc":{"start":{"line":52,"column":3},"end":{"line":52,"column":null}},"type":"if","locations":[{"start":{"line":52,"column":3},"end":{"line":52,"column":null}},{"start":{},"end":{}}],"line":52},"7":{"loc":{"start":{"line":56,"column":3},"end":{"line":83,"column":null}},"type":"switch","locations":[{"start":{"line":57,"column":4},"end":{"line":60,"column":null}},{"start":{"line":61,"column":4},"end":{"line":66,"column":null}},{"start":{"line":67,"column":4},"end":{"line":70,"column":null}},{"start":{"line":71,"column":4},"end":{"line":74,"column":null}},{"start":{"line":75,"column":4},"end":{"line":75,"column":null}},{"start":{"line":76,"column":4},"end":{"line":82,"column":null}}],"line":56}},"s":{"0":3,"1":7,"2":5,"3":5,"4":0,"5":5,"6":5,"7":0,"8":5,"9":0,"10":0,"11":0,"12":0,"13":0,"14":0,"15":0,"16":0,"17":5,"18":0,"19":0,"20":0,"21":0,"22":0,"23":0,"24":0,"25":0,"26":0,"27":0,"28":0,"29":0,"30":0,"31":0,"32":0,"33":0,"34":0,"35":0,"36":0,"37":0,"38":0,"39":5,"40":5,"41":5,"42":2,"43":2},"f":{"0":7,"1":5,"2":0,"3":0,"4":0,"5":0,"6":2},"b":{"0":[0,5],"1":[0,5],"2":[0,0],"3":[0,0],"4":[0,0],"5":[0,0,0,0],"6":[0,0],"7":[0,0,0,0,0,0]},"meta":{"lastBranch":8,"lastFunction":7,"lastStatement":44,"seen":{"s:1:42:1:Infinity":0,"f:7:16:7:34":0,"s:8:1:93:Infinity":1,"f:8:11:8:17":1,"s:9:20:9:Infinity":2,"b:10:2:10:Infinity:undefined:undefined:undefined:undefined":0,"s:10:2:10:Infinity":3,"s:10:18:10:Infinity":4,"s:12:25:12:Infinity":5,"b:13:2:13:Infinity:undefined:undefined:undefined:undefined":1,"s:13:2:13:Infinity":6,"s:13:23:13:Infinity":7,"s:15:23:42:Infinity":8,"f:15:23:15:24":2,"s:16:23:16:Infinity":9,"b:17:3:41:Infinity:undefined:undefined:undefined:undefined":2,"s:17:3:41:Infinity":10,"s:19:18:23:Infinity":11,"b:24:4:40:Infinity:undefined:undefined:undefined:undefined":3,"s:24:4:40:Infinity":12,"s:26:6:34:Infinity":13,"b:26:6:34:11:34:11:34:Infinity":4,"f:27:7:27:8":3,"s:28:9:33:Infinity":14,"b:28:9:28:Infinity:29:9:30:Infinity:31:9:31:Infinity:32:9:33:Infinity":5,"s:37:5:39:Infinity":15,"f:37:16:37:22":4,"s:38:6:38:Infinity":16,"s:44:24:84:Infinity":17,"f:44:24:44:25":5,"s:45:24:45:Infinity":18,"s:46:21:50:Infinity":19,"b:52:3:52:Infinity:undefined:undefined:undefined:undefined":6,"s:52:3:52:Infinity":20,"s:52:42:52:Infinity":21,"s:54:24:54:Infinity":22,"b:57:4:60:Infinity:61:4:66:Infinity:67:4:70:Infinity:71:4:74:Infinity:75:4:75:Infinity:76:4:82:Infinity":7,"s:56:3:83:Infinity":23,"s:58:5:58:Infinity":24,"s:59:5:59:Infinity":25,"s:60:5:60:Infinity":26,"s:62:5:62:Infinity":27,"s:63:5:65:Infinity":28,"s:66:5:66:Infinity":29,"s:68:5:68:Infinity":30,"s:69:5:69:Infinity":31,"s:70:5:70:Infinity":32,"s:72:5:72:Infinity":33,"s:73:5:73:Infinity":34,"s:74:5:74:Infinity":35,"s:77:5:77:Infinity":36,"s:78:5:78:Infinity":37,"s:82:5:82:Infinity":38,"s:86:2:86:Infinity":39,"s:87:2:87:Infinity":40,"s:89:2:92:Infinity":41,"f:89:9:89:15":6,"s:90:3:90:Infinity":42,"s:91:3:91:Infinity":43}}}
,"/Users/swoo/Workspaces/p2p-planning-poker/src/hooks/useRoom.ts": {"path":"/Users/swoo/Workspaces/p2p-planning-poker/src/hooks/useRoom.ts","statementMap":{"0":{"start":{"line":7,"column":7},"end":{"line":7,"column":null}},"1":{"start":{"line":8,"column":1},"end":{"line":21,"column":null}},"2":{"start":{"line":9,"column":2},"end":{"line":20,"column":null}},"3":{"start":{"line":22,"column":1},"end":{"line":22,"column":null}},"4":{"start":{"line":1,"column":27},"end":{"line":1,"column":null}},"5":{"start":{"line":7,"column":17},"end":{"line":7,"column":null}}},"fnMap":{"0":{"name":"useRoom","decl":{"start":{"line":6,"column":16},"end":{"line":6,"column":26}},"loc":{"start":{"line":6,"column":26},"end":{"line":23,"column":null}},"line":6},"1":{"name":"(anonymous_1)","decl":{"start":{"line":10,"column":13},"end":{"line":10,"column":19}},"loc":{"start":{"line":10,"column":19},"end":{"line":10,"column":null}},"line":10},"2":{"name":"(anonymous_2)","decl":{"start":{"line":14,"column":14},"end":{"line":14,"column":20}},"loc":{"start":{"line":14,"column":20},"end":{"line":14,"column":null}},"line":14},"3":{"name":"(anonymous_3)","decl":{"start":{"line":17,"column":15},"end":{"line":17,"column":21}},"loc":{"start":{"line":17,"column":21},"end":{"line":17,"column":null}},"line":17},"4":{"name":"(anonymous_4)","decl":{"start":{"line":18,"column":15},"end":{"line":18,"column":21}},"loc":{"start":{"line":18,"column":21},"end":{"line":18,"column":null}},"line":18}},"branchMap":{"0":{"loc":{"start":{"line":8,"column":1},"end":{"line":21,"column":null}},"type":"if","locations":[{"start":{"line":8,"column":1},"end":{"line":21,"column":null}},{"start":{},"end":{}}],"line":8}},"s":{"0":3,"1":27,"2":0,"3":27,"4":4,"5":27},"f":{"0":27,"1":0,"2":0,"3":0,"4":0},"b":{"0":[0,27]},"meta":{"lastBranch":1,"lastFunction":5,"lastStatement":4,"seen":{"f:6:16:6:26":0,"s:7:7:7:Infinity":0,"b:8:1:21:Infinity:undefined:undefined:undefined:undefined":0,"s:8:1:21:Infinity":1,"s:9:2:20:Infinity":2,"f:10:13:10:19":1,"f:14:14:14:20":2,"f:17:15:17:21":3,"f:18:15:18:21":4,"s:22:1:22:Infinity":3}}}
,"/Users/swoo/Workspaces/p2p-planning-poker/src/i18n/config.ts": {"path":"/Users/swoo/Workspaces/p2p-planning-poker/src/i18n/config.ts","statementMap":{"0":{"start":{"line":11,"column":18},"end":{"line":24,"column":null}},"1":{"start":{"line":26,"column":24},"end":{"line":26,"column":null}},"2":{"start":{"line":28,"column":1},"end":{"line":28,"column":null}},"3":{"start":{"line":30,"column":0},"end":{"line":37,"column":null}}},"fnMap":{},"branchMap":{"0":{"loc":{"start":{"line":28,"column":1},"end":{"line":28,"column":null}},"type":"binary-expr","locations":[{"start":{"line":28,"column":1},"end":{"line":28,"column":48}},{"start":{"line":28,"column":48},"end":{"line":28,"column":null}}],"line":28}},"s":{"0":26,"1":26,"2":26,"3":26},"f":{},"b":{"0":[26,26]},"meta":{"lastBranch":1,"lastFunction":0,"lastStatement":4,"seen":{"s:11:18:24:Infinity":0,"s:26:24:26:Infinity":1,"s:28:1:28:Infinity":2,"b:28:1:28:48:28:48:28:Infinity":0,"s:30:0:37:Infinity":3}}}
,"/Users/swoo/Workspaces/p2p-planning-poker/src/i18n/locales/de/translation.json": {"path":"/Users/swoo/Workspaces/p2p-planning-poker/src/i18n/locales/de/translation.json","statementMap":{},"fnMap":{},"branchMap":{},"s":{},"f":{},"b":{},"meta":{"lastBranch":0,"lastFunction":0,"lastStatement":0,"seen":{}}}
,"/Users/swoo/Workspaces/p2p-planning-poker/src/i18n/locales/en/translation.json": {"path":"/Users/swoo/Workspaces/p2p-planning-poker/src/i18n/locales/en/translation.json","statementMap":{},"fnMap":{},"branchMap":{},"s":{},"f":{},"b":{},"meta":{"lastBranch":0,"lastFunction":0,"lastStatement":0,"seen":{}}}
,"/Users/swoo/Workspaces/p2p-planning-poker/src/i18n/locales/fr/translation.json": {"path":"/Users/swoo/Workspaces/p2p-planning-poker/src/i18n/locales/fr/translation.json","statementMap":{},"fnMap":{},"branchMap":{},"s":{},"f":{},"b":{},"meta":{"lastBranch":0,"lastFunction":0,"lastStatement":0,"seen":{}}}
,"/Users/swoo/Workspaces/p2p-planning-poker/src/i18n/locales/pt/translation.json": {"path":"/Users/swoo/Workspaces/p2p-planning-poker/src/i18n/locales/pt/translation.json","statementMap":{},"fnMap":{},"branchMap":{},"s":{},"f":{},"b":{},"meta":{"lastBranch":0,"lastFunction":0,"lastStatement":0,"seen":{}}}
,"/Users/swoo/Workspaces/p2p-planning-poker/src/theme/GlobalStyles.ts": {"path":"/Users/swoo/Workspaces/p2p-planning-poker/src/theme/GlobalStyles.ts","statementMap":{"0":{"start":{"line":3,"column":19},"end":{"line":21,"column":null}},"1":{"start":{"line":23,"column":18},"end":{"line":41,"column":null}},"2":{"start":{"line":43,"column":16},"end":{"line":48,"column":null}},"3":{"start":{"line":50,"column":30},"end":{"line":57,"column":null}},"4":{"start":{"line":54,"column":1},"end":{"line":56,"column":null}},"5":{"start":{"line":55,"column":25},"end":{"line":55,"column":60}},"6":{"start":{"line":59,"column":28},"end":{"line":142,"column":null}}},"fnMap":{"0":{"name":"(anonymous_0)","decl":{"start":{"line":50,"column":30},"end":{"line":50,"column":null}},"loc":{"start":{"line":53,"column":5},"end":{"line":57,"column":null}},"line":53},"1":{"name":"(anonymous_1)","decl":{"start":{"line":55,"column":7},"end":{"line":55,"column":8}},"loc":{"start":{"line":55,"column":25},"end":{"line":55,"column":60}},"line":55}},"branchMap":{},"s":{"0":26,"1":26,"2":26,"3":26,"4":130,"5":1872,"6":26},"f":{"0":130,"1":1872},"b":{},"meta":{"lastBranch":0,"lastFunction":2,"lastStatement":7,"seen":{"s:3:19:21:Infinity":0,"s:23:18:41:Infinity":1,"s:43:16:48:Infinity":2,"s:50:30:57:Infinity":3,"f:50:30:50:Infinity":0,"s:54:1:56:Infinity":4,"f:55:7:55:8":1,"s:55:25:55:60":5,"s:59:28:142:Infinity":6}}}
}
